<?xml version="1.0" encoding="UTF-8"?>
<robot generator="Robot 6.1.1 (Python 3.11.5 on win32)" generated="20241102 19:40:33.187" rpa="false" schemaversion="4">
<suite id="s1" name="ObjectPage" source="C:\Users\motal\OneDrive\Desktop\automatisation\Robotframework\RFTest\Test\ObjectPage.robot">
<test id="s1-t1" name="TC1:Open browser" line="15">
<kw name="OpenPage" library="common">
<kw name="Open Browser" library="SeleniumLibrary">
<arg>${url}</arg>
<arg>${browser}</arg>
<doc>Opens a new browser instance to the optional ``url``.</doc>
<msg timestamp="20241102 19:40:36.153" level="INFO">Opening browser 'chrome' to base url 'https://opensource-demo.orangehrmlive.com/web/index.php/auth/login'.</msg>
<status status="PASS" starttime="20241102 19:40:36.153" endtime="20241102 19:40:39.947"/>
</kw>
<kw name="Maximize Browser Window" library="SeleniumLibrary">
<doc>Maximizes current browser window.</doc>
<status status="PASS" starttime="20241102 19:40:39.947" endtime="20241102 19:40:41.982"/>
</kw>
<kw name="Title Should Be" library="SeleniumLibrary">
<arg>OrangeHRM</arg>
<doc>Verifies that the current page title equals ``title``.</doc>
<msg timestamp="20241102 19:40:42.020" level="INFO">Page title is 'OrangeHRM'.</msg>
<status status="PASS" starttime="20241102 19:40:41.982" endtime="20241102 19:40:42.020"/>
</kw>
<status status="PASS" starttime="20241102 19:40:36.153" endtime="20241102 19:40:42.020"/>
</kw>
<kw name="Close Browser" library="SeleniumLibrary">
<doc>Closes the current browser.</doc>
<status status="PASS" starttime="20241102 19:40:42.023" endtime="20241102 19:40:45.106"/>
</kw>
<doc>Open url :OrangeHRM in chrome</doc>
<tag>critical_1</tag>
<status status="PASS" starttime="20241102 19:40:36.149" endtime="20241102 19:40:45.108"/>
</test>
<test id="s1-t2" name="TC2: Successful login with valid credentials" line="21">
<kw name="OpenPage" library="common">
<kw name="Open Browser" library="SeleniumLibrary">
<arg>${url}</arg>
<arg>${browser}</arg>
<doc>Opens a new browser instance to the optional ``url``.</doc>
<msg timestamp="20241102 19:40:45.118" level="INFO">Opening browser 'chrome' to base url 'https://opensource-demo.orangehrmlive.com/web/index.php/auth/login'.</msg>
<status status="PASS" starttime="20241102 19:40:45.116" endtime="20241102 19:40:49.103"/>
</kw>
<kw name="Maximize Browser Window" library="SeleniumLibrary">
<doc>Maximizes current browser window.</doc>
<status status="PASS" starttime="20241102 19:40:49.103" endtime="20241102 19:40:51.714"/>
</kw>
<kw name="Title Should Be" library="SeleniumLibrary">
<arg>OrangeHRM</arg>
<doc>Verifies that the current page title equals ``title``.</doc>
<msg timestamp="20241102 19:40:51.725" level="INFO">Page title is 'OrangeHRM'.</msg>
<status status="PASS" starttime="20241102 19:40:51.714" endtime="20241102 19:40:51.725"/>
</kw>
<status status="PASS" starttime="20241102 19:40:45.116" endtime="20241102 19:40:51.725"/>
</kw>
<kw name="Successful login with valid credentials" library="Authentification">
<kw name="Wait Until Element Is Visible" library="SeleniumLibrary">
<arg>${LocatorUsername}</arg>
<doc>Waits until the element ``locator`` is visible.</doc>
<status status="PASS" starttime="20241102 19:40:51.728" endtime="20241102 19:40:52.515"/>
</kw>
<kw name="Input Text" library="SeleniumLibrary">
<arg>${LocatorUsername}</arg>
<arg>${JDDvalidUsername}</arg>
<doc>Types the given ``text`` into the text field identified by ``locator``.</doc>
<msg timestamp="20241102 19:40:52.517" level="INFO">Typing text 'Admin' into text field 'xpath://input[@name='username']'.</msg>
<status status="PASS" starttime="20241102 19:40:52.516" endtime="20241102 19:40:52.721"/>
</kw>
<kw name="Wait Until Element Is Visible" library="SeleniumLibrary">
<arg>${LocatorPassword}</arg>
<doc>Waits until the element ``locator`` is visible.</doc>
<status status="PASS" starttime="20241102 19:40:52.721" endtime="20241102 19:40:52.772"/>
</kw>
<kw name="Input Password" library="SeleniumLibrary">
<arg>${LocatorPassword}</arg>
<arg>${JDDvalidpassword}</arg>
<doc>Types the given password into the text field identified by ``locator``.</doc>
<msg timestamp="20241102 19:40:52.772" level="INFO">Typing password into text field 'xpath://input[@name='password']'.</msg>
<msg timestamp="20241102 19:40:52.845" level="INFO">Temporally setting log level to: NONE</msg>
<msg timestamp="20241102 19:40:52.976" level="INFO">Log level changed from NONE to INFO.</msg>
<status status="PASS" starttime="20241102 19:40:52.772" endtime="20241102 19:40:52.976"/>
</kw>
<kw name="Wait Until Element Is Visible" library="SeleniumLibrary">
<arg>${LocatorLoginButton}</arg>
<doc>Waits until the element ``locator`` is visible.</doc>
<status status="PASS" starttime="20241102 19:40:52.977" endtime="20241102 19:40:53.042"/>
</kw>
<kw name="Click Element" library="SeleniumLibrary">
<arg>${LocatorLoginButton}</arg>
<doc>Click the element identified by ``locator``.</doc>
<msg timestamp="20241102 19:40:53.044" level="INFO">Clicking element 'xpath://button[@type='submit']'.</msg>
<status status="PASS" starttime="20241102 19:40:53.042" endtime="20241102 19:40:54.539"/>
</kw>
<status status="PASS" starttime="20241102 19:40:51.727" endtime="20241102 19:40:54.539"/>
</kw>
<kw name="Close Browser" library="SeleniumLibrary">
<doc>Closes the current browser.</doc>
<status status="PASS" starttime="20241102 19:40:54.540" endtime="20241102 19:40:57.344"/>
</kw>
<doc>login using valid credentials</doc>
<tag>critical_2</tag>
<status status="PASS" starttime="20241102 19:40:45.114" endtime="20241102 19:40:57.344"/>
</test>
<test id="s1-t3" name="TC3:Usuccessful login with invalid credentials" line="28">
<kw name="OpenPage" library="common">
<kw name="Open Browser" library="SeleniumLibrary">
<arg>${url}</arg>
<arg>${browser}</arg>
<doc>Opens a new browser instance to the optional ``url``.</doc>
<msg timestamp="20241102 19:40:57.352" level="INFO">Opening browser 'chrome' to base url 'https://opensource-demo.orangehrmlive.com/web/index.php/auth/login'.</msg>
<status status="PASS" starttime="20241102 19:40:57.350" endtime="20241102 19:41:01.771"/>
</kw>
<kw name="Maximize Browser Window" library="SeleniumLibrary">
<doc>Maximizes current browser window.</doc>
<status status="PASS" starttime="20241102 19:41:01.771" endtime="20241102 19:41:04.172"/>
</kw>
<kw name="Title Should Be" library="SeleniumLibrary">
<arg>OrangeHRM</arg>
<doc>Verifies that the current page title equals ``title``.</doc>
<msg timestamp="20241102 19:41:04.190" level="INFO">Page title is 'OrangeHRM'.</msg>
<status status="PASS" starttime="20241102 19:41:04.173" endtime="20241102 19:41:04.190"/>
</kw>
<status status="PASS" starttime="20241102 19:40:57.350" endtime="20241102 19:41:04.190"/>
</kw>
<kw name="Usuccessful login with valid username &amp; Password invalid" library="Authentification">
<kw name="Wait Until Element Is Visible" library="SeleniumLibrary">
<arg>${LocatorUsername}</arg>
<doc>Waits until the element ``locator`` is visible.</doc>
<status status="PASS" starttime="20241102 19:41:04.192" endtime="20241102 19:41:05.216"/>
</kw>
<kw name="Input Text" library="SeleniumLibrary">
<arg>${LocatorUsername}</arg>
<arg>${JDDinvalidUsername}</arg>
<doc>Types the given ``text`` into the text field identified by ``locator``.</doc>
<msg timestamp="20241102 19:41:05.218" level="INFO">Typing text 'Admin' into text field 'xpath://input[@name='username']'.</msg>
<status status="PASS" starttime="20241102 19:41:05.216" endtime="20241102 19:41:06.003"/>
</kw>
<kw name="Wait Until Element Is Visible" library="SeleniumLibrary">
<arg>${LocatorPassword}</arg>
<doc>Waits until the element ``locator`` is visible.</doc>
<status status="PASS" starttime="20241102 19:41:06.003" endtime="20241102 19:41:06.042"/>
</kw>
<kw name="Input Password" library="SeleniumLibrary">
<arg>${LocatorPassword}</arg>
<arg>${JDDinvalidpassword}</arg>
<doc>Types the given password into the text field identified by ``locator``.</doc>
<msg timestamp="20241102 19:41:06.056" level="INFO">Typing password into text field 'xpath://input[@name='password']'.</msg>
<msg timestamp="20241102 19:41:06.133" level="INFO">Temporally setting log level to: NONE</msg>
<msg timestamp="20241102 19:41:06.259" level="INFO">Log level changed from NONE to INFO.</msg>
<status status="PASS" starttime="20241102 19:41:06.042" endtime="20241102 19:41:06.259"/>
</kw>
<kw name="Wait Until Element Is Visible" library="SeleniumLibrary">
<arg>${LocatorLoginButton}</arg>
<doc>Waits until the element ``locator`` is visible.</doc>
<status status="PASS" starttime="20241102 19:41:06.260" endtime="20241102 19:41:06.301"/>
</kw>
<kw name="Click Element" library="SeleniumLibrary">
<arg>${LocatorLoginButton}</arg>
<doc>Click the element identified by ``locator``.</doc>
<msg timestamp="20241102 19:41:06.303" level="INFO">Clicking element 'xpath://button[@type='submit']'.</msg>
<status status="PASS" starttime="20241102 19:41:06.301" endtime="20241102 19:41:07.519"/>
</kw>
<kw name="Wait Until Page Contains" library="SeleniumLibrary">
<arg>Invalid credentials</arg>
<doc>Waits until ``text`` appears on the current page.</doc>
<status status="PASS" starttime="20241102 19:41:07.519" endtime="20241102 19:41:08.016"/>
</kw>
<status status="PASS" starttime="20241102 19:41:04.191" endtime="20241102 19:41:08.016"/>
</kw>
<kw name="Close Browser" library="SeleniumLibrary">
<doc>Closes the current browser.</doc>
<status status="PASS" starttime="20241102 19:41:08.021" endtime="20241102 19:41:11.073"/>
</kw>
<doc>Unsuccesfull login using valid username &amp; invalid password</doc>
<tag>critical_3</tag>
<status status="PASS" starttime="20241102 19:40:57.349" endtime="20241102 19:41:11.080"/>
</test>
<test id="s1-t4" name="TC4:Usuccessful login with empty credentials" line="35">
<kw name="OpenPage" library="common">
<kw name="Open Browser" library="SeleniumLibrary">
<arg>${url}</arg>
<arg>${browser}</arg>
<doc>Opens a new browser instance to the optional ``url``.</doc>
<msg timestamp="20241102 19:41:11.082" level="INFO">Opening browser 'chrome' to base url 'https://opensource-demo.orangehrmlive.com/web/index.php/auth/login'.</msg>
<status status="PASS" starttime="20241102 19:41:11.082" endtime="20241102 19:41:15.008"/>
</kw>
<kw name="Maximize Browser Window" library="SeleniumLibrary">
<doc>Maximizes current browser window.</doc>
<status status="PASS" starttime="20241102 19:41:15.008" endtime="20241102 19:41:18.022"/>
</kw>
<kw name="Title Should Be" library="SeleniumLibrary">
<arg>OrangeHRM</arg>
<doc>Verifies that the current page title equals ``title``.</doc>
<msg timestamp="20241102 19:41:18.046" level="INFO">Page title is 'OrangeHRM'.</msg>
<status status="PASS" starttime="20241102 19:41:18.022" endtime="20241102 19:41:18.046"/>
</kw>
<status status="PASS" starttime="20241102 19:41:11.082" endtime="20241102 19:41:18.046"/>
</kw>
<kw name="Usuccessful login with empty credentials" library="Authentification">
<kw name="Wait Until Element Is Visible" library="SeleniumLibrary">
<arg>${LocatorLoginButton}</arg>
<doc>Waits until the element ``locator`` is visible.</doc>
<status status="PASS" starttime="20241102 19:41:18.047" endtime="20241102 19:41:18.995"/>
</kw>
<kw name="Click Element" library="SeleniumLibrary">
<arg>${LocatorLoginButton}</arg>
<doc>Click the element identified by ``locator``.</doc>
<msg timestamp="20241102 19:41:18.997" level="INFO">Clicking element 'xpath://button[@type='submit']'.</msg>
<status status="PASS" starttime="20241102 19:41:18.996" endtime="20241102 19:41:19.187"/>
</kw>
<kw name="Wait Until Page Contains" library="SeleniumLibrary">
<arg>Login</arg>
<doc>Waits until ``text`` appears on the current page.</doc>
<status status="PASS" starttime="20241102 19:41:19.187" endtime="20241102 19:41:19.223"/>
</kw>
<status status="PASS" starttime="20241102 19:41:18.047" endtime="20241102 19:41:19.223"/>
</kw>
<kw name="Close Browser" library="SeleniumLibrary">
<doc>Closes the current browser.</doc>
<status status="PASS" starttime="20241102 19:41:19.224" endtime="20241102 19:41:22.748"/>
</kw>
<doc>Unsuccesfull login using empty credentials</doc>
<tag>critical_4</tag>
<status status="PASS" starttime="20241102 19:41:11.082" endtime="20241102 19:41:22.750"/>
</test>
<test id="s1-t5" name="tc5:Successful AddUser" line="42">
<kw name="OpenPage" library="common">
<kw name="Open Browser" library="SeleniumLibrary">
<arg>${url}</arg>
<arg>${browser}</arg>
<doc>Opens a new browser instance to the optional ``url``.</doc>
<msg timestamp="20241102 19:41:22.756" level="INFO">Opening browser 'chrome' to base url 'https://opensource-demo.orangehrmlive.com/web/index.php/auth/login'.</msg>
<status status="PASS" starttime="20241102 19:41:22.755" endtime="20241102 19:41:26.267"/>
</kw>
<kw name="Maximize Browser Window" library="SeleniumLibrary">
<doc>Maximizes current browser window.</doc>
<status status="PASS" starttime="20241102 19:41:26.267" endtime="20241102 19:41:28.904"/>
</kw>
<kw name="Title Should Be" library="SeleniumLibrary">
<arg>OrangeHRM</arg>
<doc>Verifies that the current page title equals ``title``.</doc>
<msg timestamp="20241102 19:41:28.925" level="INFO">Page title is 'OrangeHRM'.</msg>
<status status="PASS" starttime="20241102 19:41:28.904" endtime="20241102 19:41:28.925"/>
</kw>
<status status="PASS" starttime="20241102 19:41:22.754" endtime="20241102 19:41:28.925"/>
</kw>
<kw name="Successful login with valid credentials" library="Authentification">
<kw name="Wait Until Element Is Visible" library="SeleniumLibrary">
<arg>${LocatorUsername}</arg>
<doc>Waits until the element ``locator`` is visible.</doc>
<status status="PASS" starttime="20241102 19:41:28.930" endtime="20241102 19:41:29.544"/>
</kw>
<kw name="Input Text" library="SeleniumLibrary">
<arg>${LocatorUsername}</arg>
<arg>${JDDvalidUsername}</arg>
<doc>Types the given ``text`` into the text field identified by ``locator``.</doc>
<msg timestamp="20241102 19:41:29.544" level="INFO">Typing text 'Admin' into text field 'xpath://input[@name='username']'.</msg>
<status status="PASS" starttime="20241102 19:41:29.544" endtime="20241102 19:41:29.749"/>
</kw>
<kw name="Wait Until Element Is Visible" library="SeleniumLibrary">
<arg>${LocatorPassword}</arg>
<doc>Waits until the element ``locator`` is visible.</doc>
<status status="PASS" starttime="20241102 19:41:29.750" endtime="20241102 19:41:29.840"/>
</kw>
<kw name="Input Password" library="SeleniumLibrary">
<arg>${LocatorPassword}</arg>
<arg>${JDDvalidpassword}</arg>
<doc>Types the given password into the text field identified by ``locator``.</doc>
<msg timestamp="20241102 19:41:29.842" level="INFO">Typing password into text field 'xpath://input[@name='password']'.</msg>
<msg timestamp="20241102 19:41:29.934" level="INFO">Temporally setting log level to: NONE</msg>
<msg timestamp="20241102 19:41:30.129" level="INFO">Log level changed from NONE to INFO.</msg>
<status status="PASS" starttime="20241102 19:41:29.841" endtime="20241102 19:41:30.129"/>
</kw>
<kw name="Wait Until Element Is Visible" library="SeleniumLibrary">
<arg>${LocatorLoginButton}</arg>
<doc>Waits until the element ``locator`` is visible.</doc>
<status status="PASS" starttime="20241102 19:41:30.130" endtime="20241102 19:41:30.179"/>
</kw>
<kw name="Click Element" library="SeleniumLibrary">
<arg>${LocatorLoginButton}</arg>
<doc>Click the element identified by ``locator``.</doc>
<msg timestamp="20241102 19:41:30.181" level="INFO">Clicking element 'xpath://button[@type='submit']'.</msg>
<status status="PASS" starttime="20241102 19:41:30.179" endtime="20241102 19:41:31.271"/>
</kw>
<status status="PASS" starttime="20241102 19:41:28.929" endtime="20241102 19:41:31.271"/>
</kw>
<kw name="Successuful AddUser" library="AddUser">
<kw name="Wait Until Element Is Visible" library="SeleniumLibrary">
<arg>${AdminIcone}</arg>
<doc>Waits until the element ``locator`` is visible.</doc>
<status status="PASS" starttime="20241102 19:41:31.272" endtime="20241102 19:41:31.682"/>
</kw>
<kw name="Click Element" library="SeleniumLibrary">
<arg>${AdminIcone}</arg>
<doc>Click the element identified by ``locator``.</doc>
<msg timestamp="20241102 19:41:31.685" level="INFO">Clicking element 'xpath://*[@href='/web/index.php/admin/viewAdminModule']'.</msg>
<status status="PASS" starttime="20241102 19:41:31.682" endtime="20241102 19:41:32.665"/>
</kw>
<kw name="Wait Until Element Is Visible" library="SeleniumLibrary">
<arg>${AdminAddButton}</arg>
<doc>Waits until the element ``locator`` is visible.</doc>
<status status="PASS" starttime="20241102 19:41:32.666" endtime="20241102 19:41:33.086"/>
</kw>
<kw name="Click Element" library="SeleniumLibrary">
<arg>${AdminAddButton}</arg>
<doc>Click the element identified by ``locator``.</doc>
<msg timestamp="20241102 19:41:33.088" level="INFO">Clicking element 'xpath://button[@class='oxd-button oxd-button--medium oxd-button--secondary']'.</msg>
<status status="PASS" starttime="20241102 19:41:33.086" endtime="20241102 19:41:33.586"/>
</kw>
<kw name="Wait Until Element Is Visible" library="SeleniumLibrary">
<arg>${UserRole}</arg>
<doc>Waits until the element ``locator`` is visible.</doc>
<status status="PASS" starttime="20241102 19:41:33.586" endtime="20241102 19:41:33.998"/>
</kw>
<kw name="Click Element" library="SeleniumLibrary">
<arg>${UserRole}</arg>
<doc>Click the element identified by ``locator``.</doc>
<msg timestamp="20241102 19:41:33.999" level="INFO">Clicking element 'xpath://div[@class='oxd-select-text-input']'.</msg>
<status status="PASS" starttime="20241102 19:41:33.998" endtime="20241102 19:41:34.093"/>
</kw>
<kw name="Wait Until Element Is Visible" library="SeleniumLibrary">
<arg>${SelectAdmin}</arg>
<doc>Waits until the element ``locator`` is visible.</doc>
<status status="PASS" starttime="20241102 19:41:34.093" endtime="20241102 19:41:34.138"/>
</kw>
<kw name="Click Element" library="SeleniumLibrary">
<arg>${SelectAdmin}</arg>
<doc>Click the element identified by ``locator``.</doc>
<msg timestamp="20241102 19:41:34.139" level="INFO">Clicking element 'xpath://*[contains(text(),'Admin')]'.</msg>
<status status="PASS" starttime="20241102 19:41:34.138" endtime="20241102 19:41:34.225"/>
</kw>
<kw name="Wait Until Element Is Visible" library="SeleniumLibrary">
<arg>${Status}</arg>
<doc>Waits until the element ``locator`` is visible.</doc>
<status status="PASS" starttime="20241102 19:41:34.225" endtime="20241102 19:41:34.263"/>
</kw>
<kw name="Click Element" library="SeleniumLibrary">
<arg>${Status}</arg>
<doc>Click the element identified by ``locator``.</doc>
<msg timestamp="20241102 19:41:34.263" level="INFO">Clicking element 'xpath://label[text()='Status']/following::div[@data-v-67d2aedf]'.</msg>
<status status="PASS" starttime="20241102 19:41:34.263" endtime="20241102 19:41:34.351"/>
</kw>
<kw name="Wait Until Element Is Visible" library="SeleniumLibrary">
<arg>${SelectEnable}</arg>
<doc>Waits until the element ``locator`` is visible.</doc>
<status status="PASS" starttime="20241102 19:41:34.351" endtime="20241102 19:41:34.404"/>
</kw>
<kw name="Click Element" library="SeleniumLibrary">
<arg>${SelectEnable}</arg>
<doc>Click the element identified by ``locator``.</doc>
<msg timestamp="20241102 19:41:34.406" level="INFO">Clicking element 'xpath://*[contains(text(),'Enabled')]'.</msg>
<status status="PASS" starttime="20241102 19:41:34.405" endtime="20241102 19:41:34.551"/>
</kw>
<kw name="Wait Until Element Is Visible" library="SeleniumLibrary">
<arg>${LEmployeeName}</arg>
<doc>Waits until the element ``locator`` is visible.</doc>
<status status="PASS" starttime="20241102 19:41:34.551" endtime="20241102 19:41:34.637"/>
</kw>
<kw name="Input Text" library="SeleniumLibrary">
<arg>${LEmployeeName}</arg>
<arg>${JEmployeeName}</arg>
<doc>Types the given ``text`` into the text field identified by ``locator``.</doc>
<msg timestamp="20241102 19:41:34.638" level="INFO">Typing text 'Ibrahim' into text field 'xpath://input[@placeholder='Type for hints...']'.</msg>
<status status="PASS" starttime="20241102 19:41:34.637" endtime="20241102 19:41:34.905"/>
</kw>
<kw name="Wait Until Element Is Visible" library="SeleniumLibrary">
<arg>${Lusername}</arg>
<doc>Waits until the element ``locator`` is visible.</doc>
<status status="PASS" starttime="20241102 19:41:34.905" endtime="20241102 19:41:34.966"/>
</kw>
<kw name="Input Text" library="SeleniumLibrary">
<arg>${Lusername}</arg>
<arg>${JuserName}</arg>
<doc>Types the given ``text`` into the text field identified by ``locator``.</doc>
<msg timestamp="20241102 19:41:34.967" level="INFO">Typing text 'MomoTest' into text field 'xpath://label[text()='Username']/following::input[@class='oxd-input oxd-input--active']'.</msg>
<status status="PASS" starttime="20241102 19:41:34.966" endtime="20241102 19:41:35.178"/>
</kw>
<kw name="Wait Until Element Is Visible" library="SeleniumLibrary">
<arg>${Lpassword}</arg>
<doc>Waits until the element ``locator`` is visible.</doc>
<status status="PASS" starttime="20241102 19:41:35.178" endtime="20241102 19:41:35.227"/>
</kw>
<kw name="Input Password" library="SeleniumLibrary">
<arg>${Lpassword}</arg>
<arg>${Jpassword}</arg>
<doc>Types the given password into the text field identified by ``locator``.</doc>
<msg timestamp="20241102 19:41:35.228" level="INFO">Typing password into text field 'xpath://label[text()='Password']/following::input[@type='password']'.</msg>
<msg timestamp="20241102 19:41:35.295" level="INFO">Temporally setting log level to: NONE</msg>
<msg timestamp="20241102 19:41:35.428" level="INFO">Log level changed from NONE to INFO.</msg>
<status status="PASS" starttime="20241102 19:41:35.227" endtime="20241102 19:41:35.428"/>
</kw>
<kw name="Wait Until Element Is Visible" library="SeleniumLibrary">
<arg>${Lconfirmpassword}</arg>
<doc>Waits until the element ``locator`` is visible.</doc>
<status status="PASS" starttime="20241102 19:41:35.429" endtime="20241102 19:41:35.466"/>
</kw>
<kw name="Input Password" library="SeleniumLibrary">
<arg>${Lconfirmpassword}</arg>
<arg>${Jpassword}</arg>
<doc>Types the given password into the text field identified by ``locator``.</doc>
<msg timestamp="20241102 19:41:35.466" level="INFO">Typing password into text field 'xpath://label[text()='Confirm Password']/following::input[@type='password']'.</msg>
<msg timestamp="20241102 19:41:35.528" level="INFO">Temporally setting log level to: NONE</msg>
<msg timestamp="20241102 19:41:35.734" level="INFO">Log level changed from NONE to INFO.</msg>
<status status="PASS" starttime="20241102 19:41:35.466" endtime="20241102 19:41:35.734"/>
</kw>
<kw name="Wait Until Element Is Visible" library="SeleniumLibrary">
<arg>${Lsavebutton}</arg>
<doc>Waits until the element ``locator`` is visible.</doc>
<status status="PASS" starttime="20241102 19:41:35.735" endtime="20241102 19:41:35.786"/>
</kw>
<kw name="Click Element" library="SeleniumLibrary">
<arg>${Lsavebutton}</arg>
<doc>Click the element identified by ``locator``.</doc>
<msg timestamp="20241102 19:41:35.787" level="INFO">Clicking element 'xpath://button[@type='submit']'.</msg>
<status status="PASS" starttime="20241102 19:41:35.787" endtime="20241102 19:41:35.939"/>
</kw>
<status status="PASS" starttime="20241102 19:41:31.271" endtime="20241102 19:41:35.939"/>
</kw>
<doc>Successful add user</doc>
<tag>critical_5</tag>
<status status="PASS" starttime="20241102 19:41:22.752" endtime="20241102 19:41:35.940"/>
</test>
<test id="s1-t6" name="Tc6:SearchByUsername" line="49">
<kw name="OpenPage" library="common">
<kw name="Open Browser" library="SeleniumLibrary">
<arg>${url}</arg>
<arg>${browser}</arg>
<doc>Opens a new browser instance to the optional ``url``.</doc>
<msg timestamp="20241102 19:41:35.946" level="INFO">Opening browser 'chrome' to base url 'https://opensource-demo.orangehrmlive.com/web/index.php/auth/login'.</msg>
<status status="PASS" starttime="20241102 19:41:35.946" endtime="20241102 19:41:42.855"/>
</kw>
<kw name="Maximize Browser Window" library="SeleniumLibrary">
<doc>Maximizes current browser window.</doc>
<status status="PASS" starttime="20241102 19:41:42.855" endtime="20241102 19:41:42.988"/>
</kw>
<kw name="Title Should Be" library="SeleniumLibrary">
<arg>OrangeHRM</arg>
<doc>Verifies that the current page title equals ``title``.</doc>
<msg timestamp="20241102 19:41:43.050" level="INFO">Page title is 'OrangeHRM'.</msg>
<status status="PASS" starttime="20241102 19:41:42.988" endtime="20241102 19:41:43.050"/>
</kw>
<status status="PASS" starttime="20241102 19:41:35.944" endtime="20241102 19:41:43.050"/>
</kw>
<kw name="Successful login with valid credentials" library="Authentification">
<kw name="Wait Until Element Is Visible" library="SeleniumLibrary">
<arg>${LocatorUsername}</arg>
<doc>Waits until the element ``locator`` is visible.</doc>
<status status="PASS" starttime="20241102 19:41:43.062" endtime="20241102 19:41:44.210"/>
</kw>
<kw name="Input Text" library="SeleniumLibrary">
<arg>${LocatorUsername}</arg>
<arg>${JDDvalidUsername}</arg>
<doc>Types the given ``text`` into the text field identified by ``locator``.</doc>
<msg timestamp="20241102 19:41:44.210" level="INFO">Typing text 'Admin' into text field 'xpath://input[@name='username']'.</msg>
<status status="PASS" starttime="20241102 19:41:44.210" endtime="20241102 19:41:44.754"/>
</kw>
<kw name="Wait Until Element Is Visible" library="SeleniumLibrary">
<arg>${LocatorPassword}</arg>
<doc>Waits until the element ``locator`` is visible.</doc>
<status status="PASS" starttime="20241102 19:41:44.754" endtime="20241102 19:41:44.829"/>
</kw>
<kw name="Input Password" library="SeleniumLibrary">
<arg>${LocatorPassword}</arg>
<arg>${JDDvalidpassword}</arg>
<doc>Types the given password into the text field identified by ``locator``.</doc>
<msg timestamp="20241102 19:41:44.831" level="INFO">Typing password into text field 'xpath://input[@name='password']'.</msg>
<msg timestamp="20241102 19:41:44.914" level="INFO">Temporally setting log level to: NONE</msg>
<msg timestamp="20241102 19:41:45.214" level="INFO">Log level changed from NONE to INFO.</msg>
<status status="PASS" starttime="20241102 19:41:44.829" endtime="20241102 19:41:45.214"/>
</kw>
<kw name="Wait Until Element Is Visible" library="SeleniumLibrary">
<arg>${LocatorLoginButton}</arg>
<doc>Waits until the element ``locator`` is visible.</doc>
<status status="PASS" starttime="20241102 19:41:45.214" endtime="20241102 19:41:45.263"/>
</kw>
<kw name="Click Element" library="SeleniumLibrary">
<arg>${LocatorLoginButton}</arg>
<doc>Click the element identified by ``locator``.</doc>
<msg timestamp="20241102 19:41:45.264" level="INFO">Clicking element 'xpath://button[@type='submit']'.</msg>
<status status="PASS" starttime="20241102 19:41:45.263" endtime="20241102 19:41:45.364"/>
</kw>
<status status="PASS" starttime="20241102 19:41:43.060" endtime="20241102 19:41:45.365"/>
</kw>
<kw name="SearchByUsername" library="SearchUser">
<kw name="Wait Until Element Is Visible" library="SeleniumLibrary">
<arg>${AdminIcone}</arg>
<doc>Waits until the element ``locator`` is visible.</doc>
<status status="PASS" starttime="20241102 19:41:45.367" endtime="20241102 19:41:47.049"/>
</kw>
<kw name="Click Element" library="SeleniumLibrary">
<arg>${AdminIcone}</arg>
<doc>Click the element identified by ``locator``.</doc>
<msg timestamp="20241102 19:41:47.050" level="INFO">Clicking element 'xpath://*[@href='/web/index.php/admin/viewAdminModule']'.</msg>
<status status="PASS" starttime="20241102 19:41:47.049" endtime="20241102 19:41:47.985"/>
</kw>
<kw name="Wait Until Element Is Visible" library="SeleniumLibrary">
<arg>${AdminPageUsername}</arg>
<doc>Waits until the element ``locator`` is visible.</doc>
<status status="PASS" starttime="20241102 19:41:47.986" endtime="20241102 19:41:48.595"/>
</kw>
<kw name="Input Text" library="SeleniumLibrary">
<arg>${AdminPageUsername}</arg>
<arg>${JDDUsernameAdmin}</arg>
<doc>Types the given ``text`` into the text field identified by ``locator``.</doc>
<msg timestamp="20241102 19:41:48.595" level="INFO">Typing text 'Admin' into text field 'xpath://label[text()='Username']/following::input[@class='oxd-input oxd-input--active']'.</msg>
<status status="PASS" starttime="20241102 19:41:48.595" endtime="20241102 19:41:48.907"/>
</kw>
<kw name="Wait Until Element Is Visible" library="SeleniumLibrary">
<arg>${SearchButon}</arg>
<doc>Waits until the element ``locator`` is visible.</doc>
<status status="PASS" starttime="20241102 19:41:48.907" endtime="20241102 19:41:49.137"/>
</kw>
<kw name="Click Element" library="SeleniumLibrary">
<arg>${SearchButon}</arg>
<doc>Click the element identified by ``locator``.</doc>
<msg timestamp="20241102 19:41:49.138" level="INFO">Clicking element 'xpath://button[@class='oxd-button oxd-button--medium oxd-button--secondary orangehrm-left-space']'.</msg>
<status status="PASS" starttime="20241102 19:41:49.137" endtime="20241102 19:41:49.316"/>
</kw>
<kw name="Wait Until Element Contains" library="SeleniumLibrary">
<arg>${SearchResultats}</arg>
<arg>${JDDUsernameAdmin}</arg>
<doc>Waits until the element ``locator`` contains ``text``.</doc>
<status status="PASS" starttime="20241102 19:41:49.316" endtime="20241102 19:41:49.791"/>
</kw>
<status status="PASS" starttime="20241102 19:41:45.366" endtime="20241102 19:41:49.791"/>
</kw>
<kw name="Close Browser" library="SeleniumLibrary">
<doc>Closes the current browser.</doc>
<status status="PASS" starttime="20241102 19:41:49.796" endtime="20241102 19:41:53.778"/>
</kw>
<doc>Search on User by Username</doc>
<tag>crtical_6</tag>
<status status="PASS" starttime="20241102 19:41:35.943" endtime="20241102 19:41:53.824"/>
</test>
<test id="s1-t7" name="Tc7:SearchByUserRole" line="57">
<kw name="OpenPage" library="common">
<kw name="Open Browser" library="SeleniumLibrary">
<arg>${url}</arg>
<arg>${browser}</arg>
<doc>Opens a new browser instance to the optional ``url``.</doc>
<msg timestamp="20241102 19:41:53.835" level="INFO">Opening browser 'chrome' to base url 'https://opensource-demo.orangehrmlive.com/web/index.php/auth/login'.</msg>
<status status="PASS" starttime="20241102 19:41:53.831" endtime="20241102 19:42:04.406"/>
</kw>
<kw name="Maximize Browser Window" library="SeleniumLibrary">
<doc>Maximizes current browser window.</doc>
<status status="PASS" starttime="20241102 19:42:04.406" endtime="20241102 19:42:04.473"/>
</kw>
<kw name="Title Should Be" library="SeleniumLibrary">
<arg>OrangeHRM</arg>
<doc>Verifies that the current page title equals ``title``.</doc>
<msg timestamp="20241102 19:42:04.493" level="INFO">Page title is 'OrangeHRM'.</msg>
<status status="PASS" starttime="20241102 19:42:04.474" endtime="20241102 19:42:04.493"/>
</kw>
<status status="PASS" starttime="20241102 19:41:53.831" endtime="20241102 19:42:04.493"/>
</kw>
<kw name="Successful login with valid credentials" library="Authentification">
<kw name="Wait Until Element Is Visible" library="SeleniumLibrary">
<arg>${LocatorUsername}</arg>
<doc>Waits until the element ``locator`` is visible.</doc>
<status status="PASS" starttime="20241102 19:42:04.496" endtime="20241102 19:42:05.066"/>
</kw>
<kw name="Input Text" library="SeleniumLibrary">
<arg>${LocatorUsername}</arg>
<arg>${JDDvalidUsername}</arg>
<doc>Types the given ``text`` into the text field identified by ``locator``.</doc>
<msg timestamp="20241102 19:42:05.068" level="INFO">Typing text 'Admin' into text field 'xpath://input[@name='username']'.</msg>
<status status="PASS" starttime="20241102 19:42:05.067" endtime="20241102 19:42:05.429"/>
</kw>
<kw name="Wait Until Element Is Visible" library="SeleniumLibrary">
<arg>${LocatorPassword}</arg>
<doc>Waits until the element ``locator`` is visible.</doc>
<status status="PASS" starttime="20241102 19:42:05.429" endtime="20241102 19:42:05.527"/>
</kw>
<kw name="Input Password" library="SeleniumLibrary">
<arg>${LocatorPassword}</arg>
<arg>${JDDvalidpassword}</arg>
<doc>Types the given password into the text field identified by ``locator``.</doc>
<msg timestamp="20241102 19:42:05.529" level="INFO">Typing password into text field 'xpath://input[@name='password']'.</msg>
<msg timestamp="20241102 19:42:05.660" level="INFO">Temporally setting log level to: NONE</msg>
<msg timestamp="20241102 19:42:05.821" level="INFO">Log level changed from NONE to INFO.</msg>
<status status="PASS" starttime="20241102 19:42:05.527" endtime="20241102 19:42:05.821"/>
</kw>
<kw name="Wait Until Element Is Visible" library="SeleniumLibrary">
<arg>${LocatorLoginButton}</arg>
<doc>Waits until the element ``locator`` is visible.</doc>
<status status="PASS" starttime="20241102 19:42:05.821" endtime="20241102 19:42:05.861"/>
</kw>
<kw name="Click Element" library="SeleniumLibrary">
<arg>${LocatorLoginButton}</arg>
<doc>Click the element identified by ``locator``.</doc>
<msg timestamp="20241102 19:42:05.861" level="INFO">Clicking element 'xpath://button[@type='submit']'.</msg>
<status status="PASS" starttime="20241102 19:42:05.861" endtime="20241102 19:42:07.022"/>
</kw>
<status status="PASS" starttime="20241102 19:42:04.495" endtime="20241102 19:42:07.023"/>
</kw>
<kw name="SearchByUserRole" library="SearchUser">
<kw name="Wait Until Element Is Visible" library="SeleniumLibrary">
<arg>${AdminIcone}</arg>
<doc>Waits until the element ``locator`` is visible.</doc>
<status status="PASS" starttime="20241102 19:42:07.024" endtime="20241102 19:42:07.617"/>
</kw>
<kw name="Click Element" library="SeleniumLibrary">
<arg>${AdminIcone}</arg>
<doc>Click the element identified by ``locator``.</doc>
<msg timestamp="20241102 19:42:07.619" level="INFO">Clicking element 'xpath://*[@href='/web/index.php/admin/viewAdminModule']'.</msg>
<status status="PASS" starttime="20241102 19:42:07.617" endtime="20241102 19:42:09.063"/>
</kw>
<kw name="Wait Until Element Is Visible" library="SeleniumLibrary">
<arg>${AdminUserRole}</arg>
<doc>Waits until the element ``locator`` is visible.</doc>
<status status="PASS" starttime="20241102 19:42:09.063" endtime="20241102 19:42:09.573"/>
</kw>
<kw name="Click Element" library="SeleniumLibrary">
<arg>${AdminUserRole}</arg>
<doc>Click the element identified by ``locator``.</doc>
<msg timestamp="20241102 19:42:09.573" level="INFO">Clicking element 'xpath://label[text()='User Role']/following::div[@data-v-67d2aedf]'.</msg>
<status status="PASS" starttime="20241102 19:42:09.573" endtime="20241102 19:42:09.679"/>
</kw>
<kw name="Run Keyword If" library="BuiltIn">
<arg>'${RO}' == "Admin"</arg>
<arg>Click Element</arg>
<arg>${Admina}</arg>
<arg>ELSE</arg>
<arg>Click Element</arg>
<arg>${ESSA}</arg>
<doc>Runs the given keyword with the given arguments, if ``condition`` is true.</doc>
<kw name="Click Element" library="SeleniumLibrary">
<arg>${Admina}</arg>
<doc>Click the element identified by ``locator``.</doc>
<msg timestamp="20241102 19:42:09.683" level="INFO">Clicking element 'xpath://*[contains(text(),'Admin')]'.</msg>
<status status="PASS" starttime="20241102 19:42:09.681" endtime="20241102 19:42:09.786"/>
</kw>
<status status="PASS" starttime="20241102 19:42:09.679" endtime="20241102 19:42:09.786"/>
</kw>
<kw name="Wait Until Element Is Visible" library="SeleniumLibrary">
<arg>${SearchButon}</arg>
<doc>Waits until the element ``locator`` is visible.</doc>
<status status="PASS" starttime="20241102 19:42:09.786" endtime="20241102 19:42:09.835"/>
</kw>
<kw name="Click Element" library="SeleniumLibrary">
<arg>${SearchButon}</arg>
<doc>Click the element identified by ``locator``.</doc>
<msg timestamp="20241102 19:42:09.837" level="INFO">Clicking element 'xpath://button[@class='oxd-button oxd-button--medium oxd-button--secondary orangehrm-left-space']'.</msg>
<status status="PASS" starttime="20241102 19:42:09.836" endtime="20241102 19:42:10.063"/>
</kw>
<kw name="Wait Until Element Contains" library="SeleniumLibrary">
<arg>${SearchResultats}</arg>
<arg>${JDDUsernameAdmin}</arg>
<doc>Waits until the element ``locator`` contains ``text``.</doc>
<status status="PASS" starttime="20241102 19:42:10.064" endtime="20241102 19:42:10.601"/>
</kw>
<status status="PASS" starttime="20241102 19:42:07.023" endtime="20241102 19:42:10.601"/>
</kw>
<kw name="Close Browser" library="SeleniumLibrary">
<doc>Closes the current browser.</doc>
<status status="PASS" starttime="20241102 19:42:10.602" endtime="20241102 19:42:13.488"/>
</kw>
<doc>Search on User by user role</doc>
<tag>critical_7</tag>
<status status="PASS" starttime="20241102 19:41:53.826" endtime="20241102 19:42:13.488"/>
</test>
<test id="s1-t8" name="tc8:SearchByStatus" line="65">
<kw name="OpenPage" library="common">
<kw name="Open Browser" library="SeleniumLibrary">
<arg>${url}</arg>
<arg>${browser}</arg>
<doc>Opens a new browser instance to the optional ``url``.</doc>
<msg timestamp="20241102 19:42:13.494" level="INFO">Opening browser 'chrome' to base url 'https://opensource-demo.orangehrmlive.com/web/index.php/auth/login'.</msg>
<status status="PASS" starttime="20241102 19:42:13.493" endtime="20241102 19:42:17.384"/>
</kw>
<kw name="Maximize Browser Window" library="SeleniumLibrary">
<doc>Maximizes current browser window.</doc>
<status status="PASS" starttime="20241102 19:42:17.385" endtime="20241102 19:42:19.561"/>
</kw>
<kw name="Title Should Be" library="SeleniumLibrary">
<arg>OrangeHRM</arg>
<doc>Verifies that the current page title equals ``title``.</doc>
<msg timestamp="20241102 19:42:19.580" level="INFO">Page title is 'OrangeHRM'.</msg>
<status status="PASS" starttime="20241102 19:42:19.561" endtime="20241102 19:42:19.580"/>
</kw>
<status status="PASS" starttime="20241102 19:42:13.492" endtime="20241102 19:42:19.580"/>
</kw>
<kw name="Successful login with valid credentials" library="Authentification">
<kw name="Wait Until Element Is Visible" library="SeleniumLibrary">
<arg>${LocatorUsername}</arg>
<doc>Waits until the element ``locator`` is visible.</doc>
<status status="PASS" starttime="20241102 19:42:19.580" endtime="20241102 19:42:20.386"/>
</kw>
<kw name="Input Text" library="SeleniumLibrary">
<arg>${LocatorUsername}</arg>
<arg>${JDDvalidUsername}</arg>
<doc>Types the given ``text`` into the text field identified by ``locator``.</doc>
<msg timestamp="20241102 19:42:20.393" level="INFO">Typing text 'Admin' into text field 'xpath://input[@name='username']'.</msg>
<status status="PASS" starttime="20241102 19:42:20.386" endtime="20241102 19:42:20.718"/>
</kw>
<kw name="Wait Until Element Is Visible" library="SeleniumLibrary">
<arg>${LocatorPassword}</arg>
<doc>Waits until the element ``locator`` is visible.</doc>
<status status="PASS" starttime="20241102 19:42:20.718" endtime="20241102 19:42:20.778"/>
</kw>
<kw name="Input Password" library="SeleniumLibrary">
<arg>${LocatorPassword}</arg>
<arg>${JDDvalidpassword}</arg>
<doc>Types the given password into the text field identified by ``locator``.</doc>
<msg timestamp="20241102 19:42:20.780" level="INFO">Typing password into text field 'xpath://input[@name='password']'.</msg>
<msg timestamp="20241102 19:42:20.863" level="INFO">Temporally setting log level to: NONE</msg>
<msg timestamp="20241102 19:42:21.150" level="INFO">Log level changed from NONE to INFO.</msg>
<status status="PASS" starttime="20241102 19:42:20.778" endtime="20241102 19:42:21.150"/>
</kw>
<kw name="Wait Until Element Is Visible" library="SeleniumLibrary">
<arg>${LocatorLoginButton}</arg>
<doc>Waits until the element ``locator`` is visible.</doc>
<status status="PASS" starttime="20241102 19:42:21.150" endtime="20241102 19:42:21.203"/>
</kw>
<kw name="Click Element" library="SeleniumLibrary">
<arg>${LocatorLoginButton}</arg>
<doc>Click the element identified by ``locator``.</doc>
<msg timestamp="20241102 19:42:21.205" level="INFO">Clicking element 'xpath://button[@type='submit']'.</msg>
<status status="PASS" starttime="20241102 19:42:21.203" endtime="20241102 19:42:22.398"/>
</kw>
<status status="PASS" starttime="20241102 19:42:19.580" endtime="20241102 19:42:22.398"/>
</kw>
<kw name="SearchByStatus" library="SearchUser">
<kw name="Wait Until Element Is Visible" library="SeleniumLibrary">
<arg>${AdminIcone}</arg>
<doc>Waits until the element ``locator`` is visible.</doc>
<status status="PASS" starttime="20241102 19:42:22.400" endtime="20241102 19:42:22.868"/>
</kw>
<kw name="Click Element" library="SeleniumLibrary">
<arg>${AdminIcone}</arg>
<doc>Click the element identified by ``locator``.</doc>
<msg timestamp="20241102 19:42:22.868" level="INFO">Clicking element 'xpath://*[@href='/web/index.php/admin/viewAdminModule']'.</msg>
<status status="PASS" starttime="20241102 19:42:22.868" endtime="20241102 19:42:24.035"/>
</kw>
<kw name="Wait Until Element Is Visible" library="SeleniumLibrary">
<arg>${StatusAdmin}</arg>
<doc>Waits until the element ``locator`` is visible.</doc>
<status status="PASS" starttime="20241102 19:42:24.036" endtime="20241102 19:42:24.508"/>
</kw>
<kw name="Click Element" library="SeleniumLibrary">
<arg>${StatusAdmin}</arg>
<doc>Click the element identified by ``locator``.</doc>
<msg timestamp="20241102 19:42:24.511" level="INFO">Clicking element 'xpath://label[text()='Status']/following::div[@data-v-67d2aedf]'.</msg>
<status status="PASS" starttime="20241102 19:42:24.508" endtime="20241102 19:42:24.637"/>
</kw>
<kw name="Run Keyword If" library="BuiltIn">
<arg>'${ROO}' == "Disabled"</arg>
<arg>Click Element</arg>
<arg>${SelectEnableAdmin}</arg>
<arg>ELSE</arg>
<arg>Click Element</arg>
<arg>${SelectDisabledAdmin}</arg>
<doc>Runs the given keyword with the given arguments, if ``condition`` is true.</doc>
<kw name="Click Element" library="SeleniumLibrary">
<arg>${SelectEnableAdmin}</arg>
<doc>Click the element identified by ``locator``.</doc>
<msg timestamp="20241102 19:42:24.640" level="INFO">Clicking element 'xpath://*[contains(text(),'Enabled')]'.</msg>
<status status="PASS" starttime="20241102 19:42:24.638" endtime="20241102 19:42:24.821"/>
</kw>
<status status="PASS" starttime="20241102 19:42:24.637" endtime="20241102 19:42:24.821"/>
</kw>
<kw name="Wait Until Element Is Visible" library="SeleniumLibrary">
<arg>${SearchButon}</arg>
<doc>Waits until the element ``locator`` is visible.</doc>
<status status="PASS" starttime="20241102 19:42:24.821" endtime="20241102 19:42:24.868"/>
</kw>
<kw name="Click Element" library="SeleniumLibrary">
<arg>${SearchButon}</arg>
<doc>Click the element identified by ``locator``.</doc>
<msg timestamp="20241102 19:42:24.869" level="INFO">Clicking element 'xpath://button[@class='oxd-button oxd-button--medium oxd-button--secondary orangehrm-left-space']'.</msg>
<status status="PASS" starttime="20241102 19:42:24.868" endtime="20241102 19:42:24.968"/>
</kw>
<kw name="Wait Until Element Is Visible" library="SeleniumLibrary">
<arg>${VerifyDisabled}</arg>
<doc>Waits until the element ``locator`` is visible.</doc>
<status status="PASS" starttime="20241102 19:42:24.969" endtime="20241102 19:42:25.447"/>
</kw>
<status status="PASS" starttime="20241102 19:42:22.398" endtime="20241102 19:42:25.447"/>
</kw>
<kw name="Close Browser" library="SeleniumLibrary">
<doc>Closes the current browser.</doc>
<status status="PASS" starttime="20241102 19:42:25.448" endtime="20241102 19:42:27.994"/>
</kw>
<doc>search by status</doc>
<tag>critical_9</tag>
<status status="PASS" starttime="20241102 19:42:13.491" endtime="20241102 19:42:27.994"/>
</test>
<test id="s1-t9" name="TC9:UpdateUser" line="73">
<kw name="OpenPage" library="common">
<kw name="Open Browser" library="SeleniumLibrary">
<arg>${url}</arg>
<arg>${browser}</arg>
<doc>Opens a new browser instance to the optional ``url``.</doc>
<msg timestamp="20241102 19:42:27.999" level="INFO">Opening browser 'chrome' to base url 'https://opensource-demo.orangehrmlive.com/web/index.php/auth/login'.</msg>
<status status="PASS" starttime="20241102 19:42:27.998" endtime="20241102 19:42:33.586"/>
</kw>
<kw name="Maximize Browser Window" library="SeleniumLibrary">
<doc>Maximizes current browser window.</doc>
<status status="PASS" starttime="20241102 19:42:33.586" endtime="20241102 19:42:33.633"/>
</kw>
<kw name="Title Should Be" library="SeleniumLibrary">
<arg>OrangeHRM</arg>
<doc>Verifies that the current page title equals ``title``.</doc>
<msg timestamp="20241102 19:42:33.649" level="INFO">Page title is 'OrangeHRM'.</msg>
<status status="PASS" starttime="20241102 19:42:33.633" endtime="20241102 19:42:33.649"/>
</kw>
<status status="PASS" starttime="20241102 19:42:27.996" endtime="20241102 19:42:33.649"/>
</kw>
<kw name="Successful login with valid credentials" library="Authentification">
<kw name="Wait Until Element Is Visible" library="SeleniumLibrary">
<arg>${LocatorUsername}</arg>
<doc>Waits until the element ``locator`` is visible.</doc>
<status status="PASS" starttime="20241102 19:42:33.649" endtime="20241102 19:42:34.145"/>
</kw>
<kw name="Input Text" library="SeleniumLibrary">
<arg>${LocatorUsername}</arg>
<arg>${JDDvalidUsername}</arg>
<doc>Types the given ``text`` into the text field identified by ``locator``.</doc>
<msg timestamp="20241102 19:42:34.146" level="INFO">Typing text 'Admin' into text field 'xpath://input[@name='username']'.</msg>
<status status="PASS" starttime="20241102 19:42:34.145" endtime="20241102 19:42:34.353"/>
</kw>
<kw name="Wait Until Element Is Visible" library="SeleniumLibrary">
<arg>${LocatorPassword}</arg>
<doc>Waits until the element ``locator`` is visible.</doc>
<status status="PASS" starttime="20241102 19:42:34.353" endtime="20241102 19:42:34.474"/>
</kw>
<kw name="Input Password" library="SeleniumLibrary">
<arg>${LocatorPassword}</arg>
<arg>${JDDvalidpassword}</arg>
<doc>Types the given password into the text field identified by ``locator``.</doc>
<msg timestamp="20241102 19:42:34.476" level="INFO">Typing password into text field 'xpath://input[@name='password']'.</msg>
<msg timestamp="20241102 19:42:34.657" level="INFO">Temporally setting log level to: NONE</msg>
<msg timestamp="20241102 19:42:34.893" level="INFO">Log level changed from NONE to INFO.</msg>
<status status="PASS" starttime="20241102 19:42:34.474" endtime="20241102 19:42:34.893"/>
</kw>
<kw name="Wait Until Element Is Visible" library="SeleniumLibrary">
<arg>${LocatorLoginButton}</arg>
<doc>Waits until the element ``locator`` is visible.</doc>
<status status="PASS" starttime="20241102 19:42:34.893" endtime="20241102 19:42:34.945"/>
</kw>
<kw name="Click Element" library="SeleniumLibrary">
<arg>${LocatorLoginButton}</arg>
<doc>Click the element identified by ``locator``.</doc>
<msg timestamp="20241102 19:42:34.946" level="INFO">Clicking element 'xpath://button[@type='submit']'.</msg>
<status status="PASS" starttime="20241102 19:42:34.945" endtime="20241102 19:42:36.070"/>
</kw>
<status status="PASS" starttime="20241102 19:42:33.649" endtime="20241102 19:42:36.070"/>
</kw>
<kw name="UpdateUser" library="Update">
<kw name="Wait Until Element Is Visible" library="SeleniumLibrary">
<arg>${AdminIcone}</arg>
<doc>Waits until the element ``locator`` is visible.</doc>
<status status="PASS" starttime="20241102 19:42:36.071" endtime="20241102 19:42:36.540"/>
</kw>
<kw name="Click Element" library="SeleniumLibrary">
<arg>${AdminIcone}</arg>
<doc>Click the element identified by ``locator``.</doc>
<msg timestamp="20241102 19:42:36.542" level="INFO">Clicking element 'xpath://*[@href='/web/index.php/admin/viewAdminModule']'.</msg>
<status status="PASS" starttime="20241102 19:42:36.541" endtime="20241102 19:42:37.484"/>
</kw>
<kw name="Wait Until Element Is Visible" library="SeleniumLibrary">
<arg>${Editbutton}</arg>
<doc>Waits until the element ``locator`` is visible.</doc>
<status status="PASS" starttime="20241102 19:42:37.484" endtime="20241102 19:42:38.227"/>
</kw>
<kw name="Click Element" library="SeleniumLibrary">
<arg>${Editbutton}</arg>
<doc>Click the element identified by ``locator``.</doc>
<msg timestamp="20241102 19:42:38.229" level="INFO">Clicking element 'xpath://*[@class='oxd-icon bi-pencil-fill']'.</msg>
<status status="PASS" starttime="20241102 19:42:38.228" endtime="20241102 19:42:38.690"/>
</kw>
<kw name="Wait Until Element Is Visible" library="SeleniumLibrary">
<arg>${changepasswordicone}</arg>
<doc>Waits until the element ``locator`` is visible.</doc>
<status status="PASS" starttime="20241102 19:42:38.690" endtime="20241102 19:42:39.048"/>
</kw>
<kw name="Click Element" library="SeleniumLibrary">
<arg>${changepasswordicone}</arg>
<doc>Click the element identified by ``locator``.</doc>
<msg timestamp="20241102 19:42:39.051" level="INFO">Clicking element '//label[text()='Change Password ?']/following::span[@class='oxd-checkbox-input oxd-checkbox-input--active --label-right oxd-checkbox-input']'.</msg>
<status status="PASS" starttime="20241102 19:42:39.051" endtime="20241102 19:42:39.386"/>
</kw>
<kw name="Wait Until Element Is Visible" library="SeleniumLibrary">
<arg>${EditPassword}</arg>
<doc>Waits until the element ``locator`` is visible.</doc>
<status status="PASS" starttime="20241102 19:42:39.386" endtime="20241102 19:42:39.467"/>
</kw>
<kw name="Input Password" library="SeleniumLibrary">
<arg>${EditPassword}</arg>
<arg>${EdPassword}</arg>
<doc>Types the given password into the text field identified by ``locator``.</doc>
<msg timestamp="20241102 19:42:39.467" level="INFO">Typing password into text field 'xpath://label[text()='Password']/following::input[@type='password']'.</msg>
<msg timestamp="20241102 19:42:39.551" level="INFO">Temporally setting log level to: NONE</msg>
<msg timestamp="20241102 19:42:39.695" level="INFO">Log level changed from NONE to INFO.</msg>
<status status="PASS" starttime="20241102 19:42:39.467" endtime="20241102 19:42:39.695"/>
</kw>
<kw name="Wait Until Element Is Visible" library="SeleniumLibrary">
<arg>${EditPassword}</arg>
<doc>Waits until the element ``locator`` is visible.</doc>
<status status="PASS" starttime="20241102 19:42:39.695" endtime="20241102 19:42:39.727"/>
</kw>
<kw name="Input Password" library="SeleniumLibrary">
<arg>${EDitConfirmpassword}</arg>
<arg>${EdPassword}</arg>
<doc>Types the given password into the text field identified by ``locator``.</doc>
<msg timestamp="20241102 19:42:39.727" level="INFO">Typing password into text field 'xpath://label[text()='Confirm Password']/following::input[@type='password']'.</msg>
<msg timestamp="20241102 19:42:39.789" level="INFO">Temporally setting log level to: NONE</msg>
<msg timestamp="20241102 19:42:39.949" level="INFO">Log level changed from NONE to INFO.</msg>
<status status="PASS" starttime="20241102 19:42:39.727" endtime="20241102 19:42:39.950"/>
</kw>
<kw name="Wait Until Element Is Visible" library="SeleniumLibrary">
<arg>${Editsavebutton}</arg>
<doc>Waits until the element ``locator`` is visible.</doc>
<status status="PASS" starttime="20241102 19:42:39.950" endtime="20241102 19:42:39.988"/>
</kw>
<kw name="Click Element" library="SeleniumLibrary">
<arg>${Editsavebutton}</arg>
<doc>Click the element identified by ``locator``.</doc>
<msg timestamp="20241102 19:42:39.989" level="INFO">Clicking element 'xpath://button[@type='submit']'.</msg>
<status status="PASS" starttime="20241102 19:42:39.988" endtime="20241102 19:42:40.105"/>
</kw>
<kw name="Wait Until Page Contains" library="SeleniumLibrary">
<arg>Success</arg>
<doc>Waits until ``text`` appears on the current page.</doc>
<status status="PASS" starttime="20241102 19:42:40.106" endtime="20241102 19:42:41.422"/>
</kw>
<status status="PASS" starttime="20241102 19:42:36.071" endtime="20241102 19:42:41.422"/>
</kw>
<kw name="Close Browser" library="SeleniumLibrary">
<doc>Closes the current browser.</doc>
<status status="PASS" starttime="20241102 19:42:41.422" endtime="20241102 19:42:43.924"/>
</kw>
<doc>Update user</doc>
<tag>critical_10</tag>
<status status="PASS" starttime="20241102 19:42:27.996" endtime="20241102 19:42:43.924"/>
</test>
<test id="s1-t10" name="TC10:ResetPage" line="81">
<kw name="OpenPage" library="common">
<kw name="Open Browser" library="SeleniumLibrary">
<arg>${url}</arg>
<arg>${browser}</arg>
<doc>Opens a new browser instance to the optional ``url``.</doc>
<msg timestamp="20241102 19:42:43.928" level="INFO">Opening browser 'chrome' to base url 'https://opensource-demo.orangehrmlive.com/web/index.php/auth/login'.</msg>
<status status="PASS" starttime="20241102 19:42:43.928" endtime="20241102 19:42:47.552"/>
</kw>
<kw name="Maximize Browser Window" library="SeleniumLibrary">
<doc>Maximizes current browser window.</doc>
<status status="PASS" starttime="20241102 19:42:47.552" endtime="20241102 19:42:49.801"/>
</kw>
<kw name="Title Should Be" library="SeleniumLibrary">
<arg>OrangeHRM</arg>
<doc>Verifies that the current page title equals ``title``.</doc>
<msg timestamp="20241102 19:42:49.814" level="INFO">Page title is 'OrangeHRM'.</msg>
<status status="PASS" starttime="20241102 19:42:49.801" endtime="20241102 19:42:49.814"/>
</kw>
<status status="PASS" starttime="20241102 19:42:43.928" endtime="20241102 19:42:49.814"/>
</kw>
<kw name="Successful login with valid credentials" library="Authentification">
<kw name="Wait Until Element Is Visible" library="SeleniumLibrary">
<arg>${LocatorUsername}</arg>
<doc>Waits until the element ``locator`` is visible.</doc>
<status status="PASS" starttime="20241102 19:42:49.816" endtime="20241102 19:42:50.631"/>
</kw>
<kw name="Input Text" library="SeleniumLibrary">
<arg>${LocatorUsername}</arg>
<arg>${JDDvalidUsername}</arg>
<doc>Types the given ``text`` into the text field identified by ``locator``.</doc>
<msg timestamp="20241102 19:42:50.631" level="INFO">Typing text 'Admin' into text field 'xpath://input[@name='username']'.</msg>
<status status="PASS" starttime="20241102 19:42:50.631" endtime="20241102 19:42:50.968"/>
</kw>
<kw name="Wait Until Element Is Visible" library="SeleniumLibrary">
<arg>${LocatorPassword}</arg>
<doc>Waits until the element ``locator`` is visible.</doc>
<status status="PASS" starttime="20241102 19:42:50.968" endtime="20241102 19:42:51.036"/>
</kw>
<kw name="Input Password" library="SeleniumLibrary">
<arg>${LocatorPassword}</arg>
<arg>${JDDvalidpassword}</arg>
<doc>Types the given password into the text field identified by ``locator``.</doc>
<msg timestamp="20241102 19:42:51.038" level="INFO">Typing password into text field 'xpath://input[@name='password']'.</msg>
<msg timestamp="20241102 19:42:51.108" level="INFO">Temporally setting log level to: NONE</msg>
<msg timestamp="20241102 19:42:51.311" level="INFO">Log level changed from NONE to INFO.</msg>
<status status="PASS" starttime="20241102 19:42:51.037" endtime="20241102 19:42:51.311"/>
</kw>
<kw name="Wait Until Element Is Visible" library="SeleniumLibrary">
<arg>${LocatorLoginButton}</arg>
<doc>Waits until the element ``locator`` is visible.</doc>
<status status="PASS" starttime="20241102 19:42:51.311" endtime="20241102 19:42:51.349"/>
</kw>
<kw name="Click Element" library="SeleniumLibrary">
<arg>${LocatorLoginButton}</arg>
<doc>Click the element identified by ``locator``.</doc>
<msg timestamp="20241102 19:42:51.349" level="INFO">Clicking element 'xpath://button[@type='submit']'.</msg>
<status status="PASS" starttime="20241102 19:42:51.349" endtime="20241102 19:42:52.488"/>
</kw>
<status status="PASS" starttime="20241102 19:42:49.816" endtime="20241102 19:42:52.488"/>
</kw>
<kw name="Resetpage" library="Update">
<kw name="Wait Until Element Is Visible" library="SeleniumLibrary">
<arg>${AdminIcone}</arg>
<doc>Waits until the element ``locator`` is visible.</doc>
<status status="PASS" starttime="20241102 19:42:52.489" endtime="20241102 19:42:53.010"/>
</kw>
<kw name="Click Element" library="SeleniumLibrary">
<arg>${AdminIcone}</arg>
<doc>Click the element identified by ``locator``.</doc>
<msg timestamp="20241102 19:42:53.012" level="INFO">Clicking element 'xpath://*[@href='/web/index.php/admin/viewAdminModule']'.</msg>
<status status="PASS" starttime="20241102 19:42:53.010" endtime="20241102 19:42:54.081"/>
</kw>
<kw name="Wait Until Element Is Visible" library="SeleniumLibrary">
<arg>${AdminPageUsername}</arg>
<doc>Waits until the element ``locator`` is visible.</doc>
<status status="PASS" starttime="20241102 19:42:54.082" endtime="20241102 19:42:54.673"/>
</kw>
<kw name="Input Text" library="SeleniumLibrary">
<arg>${AdminPageUsername}</arg>
<arg>${Adminreset}</arg>
<doc>Types the given ``text`` into the text field identified by ``locator``.</doc>
<msg timestamp="20241102 19:42:54.673" level="INFO">Typing text 'Admin' into text field 'xpath://label[text()='Username']/following::input[@class='oxd-input oxd-input--active']'.</msg>
<status status="PASS" starttime="20241102 19:42:54.673" endtime="20241102 19:42:54.986"/>
</kw>
<kw name="Wait Until Element Is Visible" library="SeleniumLibrary">
<arg>${AdminUserRole}</arg>
<doc>Waits until the element ``locator`` is visible.</doc>
<status status="PASS" starttime="20241102 19:42:54.986" endtime="20241102 19:42:55.026"/>
</kw>
<kw name="Click Element" library="SeleniumLibrary">
<arg>${AdminUserRole}</arg>
<doc>Click the element identified by ``locator``.</doc>
<msg timestamp="20241102 19:42:55.027" level="INFO">Clicking element 'xpath://label[text()='User Role']/following::div[@data-v-67d2aedf]'.</msg>
<status status="PASS" starttime="20241102 19:42:55.026" endtime="20241102 19:42:55.107"/>
</kw>
<kw name="Run Keyword If" library="BuiltIn">
<arg>'${Adminreset}' == 'Admin'</arg>
<arg>Click Element</arg>
<arg>${Admina}</arg>
<arg>ELSE</arg>
<arg>Click Element</arg>
<arg>${ESSA}</arg>
<doc>Runs the given keyword with the given arguments, if ``condition`` is true.</doc>
<kw name="Click Element" library="SeleniumLibrary">
<arg>${Admina}</arg>
<doc>Click the element identified by ``locator``.</doc>
<msg timestamp="20241102 19:42:55.109" level="INFO">Clicking element 'xpath://*[contains(text(),'Admin')]'.</msg>
<status status="PASS" starttime="20241102 19:42:55.108" endtime="20241102 19:42:55.196"/>
</kw>
<status status="PASS" starttime="20241102 19:42:55.108" endtime="20241102 19:42:55.196"/>
</kw>
<kw name="Wait Until Element Is Visible" library="SeleniumLibrary">
<arg>${ResetbuttonAdmin}</arg>
<doc>Waits until the element ``locator`` is visible.</doc>
<status status="PASS" starttime="20241102 19:42:55.196" endtime="20241102 19:42:55.230"/>
</kw>
<kw name="Click Element" library="SeleniumLibrary">
<arg>${ResetbuttonAdmin}</arg>
<doc>Click the element identified by ``locator``.</doc>
<msg timestamp="20241102 19:42:55.232" level="INFO">Clicking element 'xpath://button[@type='button' and @class='oxd-button oxd-button--medium oxd-button--ghost']'.</msg>
<status status="PASS" starttime="20241102 19:42:55.230" endtime="20241102 19:42:55.317"/>
</kw>
<kw name="Get Value" library="SeleniumLibrary">
<var>${Avalue}</var>
<arg>${AdminPageUsername}</arg>
<doc>Returns the value attribute of the element identified by ``locator``.</doc>
<msg timestamp="20241102 19:42:55.359" level="INFO">${Avalue} = </msg>
<status status="PASS" starttime="20241102 19:42:55.317" endtime="20241102 19:42:55.360"/>
</kw>
<kw name="Get Value" library="SeleniumLibrary">
<var>${EMevalue}</var>
<arg>${EMPName}</arg>
<doc>Returns the value attribute of the element identified by ``locator``.</doc>
<msg timestamp="20241102 19:42:55.409" level="INFO">${EMevalue} = </msg>
<status status="PASS" starttime="20241102 19:42:55.360" endtime="20241102 19:42:55.409"/>
</kw>
<kw name="Get Text" library="SeleniumLibrary">
<var>${textt}</var>
<arg>${selectuserRole}</arg>
<doc>Returns the text value of the element identified by ``locator``.</doc>
<msg timestamp="20241102 19:42:55.462" level="INFO">${textt} = -- Select --</msg>
<status status="PASS" starttime="20241102 19:42:55.410" endtime="20241102 19:42:55.462"/>
</kw>
<kw name="Should Be Empty" library="BuiltIn">
<arg>${EMevalue}</arg>
<doc>Verifies that the given item is empty.</doc>
<msg timestamp="20241102 19:42:55.462" level="INFO">Length is 0</msg>
<status status="PASS" starttime="20241102 19:42:55.462" endtime="20241102 19:42:55.462"/>
</kw>
<kw name="Should Be Empty" library="BuiltIn">
<arg>${Avalue}</arg>
<doc>Verifies that the given item is empty.</doc>
<msg timestamp="20241102 19:42:55.462" level="INFO">Length is 0</msg>
<status status="PASS" starttime="20241102 19:42:55.462" endtime="20241102 19:42:55.462"/>
</kw>
<kw name="Should Be Equal As Strings" library="BuiltIn">
<arg>${textt}</arg>
<arg>${selectt}</arg>
<doc>Fails if objects are unequal after converting them to strings.</doc>
<status status="PASS" starttime="20241102 19:42:55.462" endtime="20241102 19:42:55.462"/>
</kw>
<kw name="Wait Until Element Is Visible" library="SeleniumLibrary">
<arg>${RecordsFoundAdminPage}</arg>
<doc>Waits until the element ``locator`` is visible.</doc>
<status status="PASS" starttime="20241102 19:42:55.462" endtime="20241102 19:42:55.713"/>
</kw>
<status status="PASS" starttime="20241102 19:42:52.489" endtime="20241102 19:42:55.713"/>
</kw>
<kw name="Close Browser" library="SeleniumLibrary">
<doc>Closes the current browser.</doc>
<status status="PASS" starttime="20241102 19:42:55.713" endtime="20241102 19:42:58.313"/>
</kw>
<doc>Reset admin page</doc>
<tag>critical_11</tag>
<status status="PASS" starttime="20241102 19:42:43.927" endtime="20241102 19:42:58.313"/>
</test>
<test id="s1-t11" name="TC11:Successuful AddtableofUsers" line="89">
<kw name="OpenPage" library="common">
<kw name="Open Browser" library="SeleniumLibrary">
<arg>${url}</arg>
<arg>${browser}</arg>
<doc>Opens a new browser instance to the optional ``url``.</doc>
<msg timestamp="20241102 19:42:58.318" level="INFO">Opening browser 'chrome' to base url 'https://opensource-demo.orangehrmlive.com/web/index.php/auth/login'.</msg>
<status status="PASS" starttime="20241102 19:42:58.313" endtime="20241102 19:43:02.027"/>
</kw>
<kw name="Maximize Browser Window" library="SeleniumLibrary">
<doc>Maximizes current browser window.</doc>
<status status="PASS" starttime="20241102 19:43:02.027" endtime="20241102 19:43:04.390"/>
</kw>
<kw name="Title Should Be" library="SeleniumLibrary">
<arg>OrangeHRM</arg>
<doc>Verifies that the current page title equals ``title``.</doc>
<msg timestamp="20241102 19:43:04.405" level="INFO">Page title is 'OrangeHRM'.</msg>
<status status="PASS" starttime="20241102 19:43:04.390" endtime="20241102 19:43:04.405"/>
</kw>
<status status="PASS" starttime="20241102 19:42:58.313" endtime="20241102 19:43:04.405"/>
</kw>
<kw name="Successful login with valid credentials" library="Authentification">
<kw name="Wait Until Element Is Visible" library="SeleniumLibrary">
<arg>${LocatorUsername}</arg>
<doc>Waits until the element ``locator`` is visible.</doc>
<status status="PASS" starttime="20241102 19:43:04.406" endtime="20241102 19:43:05.032"/>
</kw>
<kw name="Input Text" library="SeleniumLibrary">
<arg>${LocatorUsername}</arg>
<arg>${JDDvalidUsername}</arg>
<doc>Types the given ``text`` into the text field identified by ``locator``.</doc>
<msg timestamp="20241102 19:43:05.036" level="INFO">Typing text 'Admin' into text field 'xpath://input[@name='username']'.</msg>
<status status="PASS" starttime="20241102 19:43:05.032" endtime="20241102 19:43:05.208"/>
</kw>
<kw name="Wait Until Element Is Visible" library="SeleniumLibrary">
<arg>${LocatorPassword}</arg>
<doc>Waits until the element ``locator`` is visible.</doc>
<status status="PASS" starttime="20241102 19:43:05.208" endtime="20241102 19:43:05.277"/>
</kw>
<kw name="Input Password" library="SeleniumLibrary">
<arg>${LocatorPassword}</arg>
<arg>${JDDvalidpassword}</arg>
<doc>Types the given password into the text field identified by ``locator``.</doc>
<msg timestamp="20241102 19:43:05.278" level="INFO">Typing password into text field 'xpath://input[@name='password']'.</msg>
<msg timestamp="20241102 19:43:05.419" level="INFO">Temporally setting log level to: NONE</msg>
<msg timestamp="20241102 19:43:05.579" level="INFO">Log level changed from NONE to INFO.</msg>
<status status="PASS" starttime="20241102 19:43:05.277" endtime="20241102 19:43:05.579"/>
</kw>
<kw name="Wait Until Element Is Visible" library="SeleniumLibrary">
<arg>${LocatorLoginButton}</arg>
<doc>Waits until the element ``locator`` is visible.</doc>
<status status="PASS" starttime="20241102 19:43:05.580" endtime="20241102 19:43:05.644"/>
</kw>
<kw name="Click Element" library="SeleniumLibrary">
<arg>${LocatorLoginButton}</arg>
<doc>Click the element identified by ``locator``.</doc>
<msg timestamp="20241102 19:43:05.647" level="INFO">Clicking element 'xpath://button[@type='submit']'.</msg>
<status status="PASS" starttime="20241102 19:43:05.646" endtime="20241102 19:43:05.784"/>
</kw>
<status status="PASS" starttime="20241102 19:43:04.405" endtime="20241102 19:43:05.784"/>
</kw>
<kw name="Successuful AddtableofUsers python" library="AddUser">
<for flavor="IN RANGE">
<var>${counter}</var>
<value>0</value>
<value>${ligne}</value>
<value>1</value>
<iter>
<var name="${counter}">0</var>
<kw name="Log" library="BuiltIn">
<arg>${counter}</arg>
<doc>Logs the given message with the given level.</doc>
<msg timestamp="20241102 19:43:05.800" level="INFO">0</msg>
<status status="PASS" starttime="20241102 19:43:05.800" endtime="20241102 19:43:05.800"/>
</kw>
<kw name="Wait Until Element Is Visible" library="SeleniumLibrary">
<arg>${AdminIcone}</arg>
<doc>Waits until the element ``locator`` is visible.</doc>
<status status="PASS" starttime="20241102 19:43:05.800" endtime="20241102 19:43:07.335"/>
</kw>
<kw name="Click Element" library="SeleniumLibrary">
<arg>${AdminIcone}</arg>
<doc>Click the element identified by ``locator``.</doc>
<msg timestamp="20241102 19:43:07.336" level="INFO">Clicking element 'xpath://*[@href='/web/index.php/admin/viewAdminModule']'.</msg>
<status status="PASS" starttime="20241102 19:43:07.335" endtime="20241102 19:43:08.307"/>
</kw>
<kw name="Wait Until Element Is Visible" library="SeleniumLibrary">
<arg>${AdminAddButton}</arg>
<doc>Waits until the element ``locator`` is visible.</doc>
<status status="PASS" starttime="20241102 19:43:08.307" endtime="20241102 19:43:08.663"/>
</kw>
<kw name="Click Element" library="SeleniumLibrary">
<arg>${AdminAddButton}</arg>
<doc>Click the element identified by ``locator``.</doc>
<msg timestamp="20241102 19:43:08.664" level="INFO">Clicking element 'xpath://button[@class='oxd-button oxd-button--medium oxd-button--secondary']'.</msg>
<status status="PASS" starttime="20241102 19:43:08.664" endtime="20241102 19:43:09.130"/>
</kw>
<kw name="Wait Until Element Is Visible" library="SeleniumLibrary">
<arg>${UserRole}</arg>
<doc>Waits until the element ``locator`` is visible.</doc>
<status status="PASS" starttime="20241102 19:43:09.131" endtime="20241102 19:43:09.504"/>
</kw>
<kw name="Click Element" library="SeleniumLibrary">
<arg>${UserRole}</arg>
<doc>Click the element identified by ``locator``.</doc>
<msg timestamp="20241102 19:43:09.505" level="INFO">Clicking element 'xpath://div[@class='oxd-select-text-input']'.</msg>
<status status="PASS" starttime="20241102 19:43:09.504" endtime="20241102 19:43:09.581"/>
</kw>
<kw name="Wait Until Element Is Visible" library="SeleniumLibrary">
<arg>${SelectAdmin}</arg>
<doc>Waits until the element ``locator`` is visible.</doc>
<status status="PASS" starttime="20241102 19:43:09.581" endtime="20241102 19:43:09.618"/>
</kw>
<kw name="Click Element" library="SeleniumLibrary">
<arg>${SelectAdmin}</arg>
<doc>Click the element identified by ``locator``.</doc>
<msg timestamp="20241102 19:43:09.619" level="INFO">Clicking element 'xpath://*[contains(text(),'Admin')]'.</msg>
<status status="PASS" starttime="20241102 19:43:09.618" endtime="20241102 19:43:09.692"/>
</kw>
<kw name="Wait Until Element Is Visible" library="SeleniumLibrary">
<arg>${Status}</arg>
<doc>Waits until the element ``locator`` is visible.</doc>
<status status="PASS" starttime="20241102 19:43:09.692" endtime="20241102 19:43:09.728"/>
</kw>
<kw name="Click Element" library="SeleniumLibrary">
<arg>${Status}</arg>
<doc>Click the element identified by ``locator``.</doc>
<msg timestamp="20241102 19:43:09.730" level="INFO">Clicking element 'xpath://label[text()='Status']/following::div[@data-v-67d2aedf]'.</msg>
<status status="PASS" starttime="20241102 19:43:09.729" endtime="20241102 19:43:09.813"/>
</kw>
<kw name="Wait Until Element Is Visible" library="SeleniumLibrary">
<arg>${SelectEnable}</arg>
<doc>Waits until the element ``locator`` is visible.</doc>
<status status="PASS" starttime="20241102 19:43:09.813" endtime="20241102 19:43:09.850"/>
</kw>
<kw name="Click Element" library="SeleniumLibrary">
<arg>${SelectEnable}</arg>
<doc>Click the element identified by ``locator``.</doc>
<msg timestamp="20241102 19:43:09.850" level="INFO">Clicking element 'xpath://*[contains(text(),'Enabled')]'.</msg>
<status status="PASS" starttime="20241102 19:43:09.850" endtime="20241102 19:43:09.915"/>
</kw>
<kw name="Wait Until Element Is Visible" library="SeleniumLibrary">
<arg>${LEmployeeName}</arg>
<doc>Waits until the element ``locator`` is visible.</doc>
<status status="PASS" starttime="20241102 19:43:09.915" endtime="20241102 19:43:09.944"/>
</kw>
<kw name="Input Text" library="SeleniumLibrary">
<arg>${LEmployeeName}</arg>
<arg>${JEmployeeName}</arg>
<doc>Types the given ``text`` into the text field identified by ``locator``.</doc>
<msg timestamp="20241102 19:43:09.945" level="INFO">Typing text 'Ibrahim' into text field 'xpath://input[@placeholder='Type for hints...']'.</msg>
<status status="PASS" starttime="20241102 19:43:09.944" endtime="20241102 19:43:10.115"/>
</kw>
<kw name="Wait Until Element Is Visible" library="SeleniumLibrary">
<arg>${Lusername}</arg>
<doc>Waits until the element ``locator`` is visible.</doc>
<status status="PASS" starttime="20241102 19:43:10.115" endtime="20241102 19:43:10.159"/>
</kw>
<kw name="Input Text" library="SeleniumLibrary">
<arg>${Lusername}</arg>
<arg>${Users[${counter}][3]}</arg>
<doc>Types the given ``text`` into the text field identified by ``locator``.</doc>
<msg timestamp="20241102 19:43:10.163" level="INFO">Typing text 'abdoutestt21' into text field 'xpath://label[text()='Username']/following::input[@class='oxd-input oxd-input--active']'.</msg>
<status status="PASS" starttime="20241102 19:43:10.159" endtime="20241102 19:43:10.406"/>
</kw>
<kw name="Wait Until Element Is Visible" library="SeleniumLibrary">
<arg>${Lpassword}</arg>
<doc>Waits until the element ``locator`` is visible.</doc>
<status status="PASS" starttime="20241102 19:43:10.408" endtime="20241102 19:43:10.448"/>
</kw>
<kw name="Input Password" library="SeleniumLibrary">
<arg>${Lpassword}</arg>
<arg>${Users[${counter}][4]}</arg>
<doc>Types the given password into the text field identified by ``locator``.</doc>
<msg timestamp="20241102 19:43:10.450" level="INFO">Typing password into text field 'xpath://label[text()='Password']/following::input[@type='password']'.</msg>
<msg timestamp="20241102 19:43:10.516" level="INFO">Temporally setting log level to: NONE</msg>
<msg timestamp="20241102 19:43:10.652" level="INFO">Log level changed from NONE to INFO.</msg>
<status status="PASS" starttime="20241102 19:43:10.448" endtime="20241102 19:43:10.652"/>
</kw>
<kw name="Wait Until Element Is Visible" library="SeleniumLibrary">
<arg>${Lconfirmpassword}</arg>
<doc>Waits until the element ``locator`` is visible.</doc>
<status status="PASS" starttime="20241102 19:43:10.652" endtime="20241102 19:43:10.696"/>
</kw>
<kw name="Input Password" library="SeleniumLibrary">
<arg>${Lconfirmpassword}</arg>
<arg>${Users[${counter}][4]}</arg>
<doc>Types the given password into the text field identified by ``locator``.</doc>
<msg timestamp="20241102 19:43:10.700" level="INFO">Typing password into text field 'xpath://label[text()='Confirm Password']/following::input[@type='password']'.</msg>
<msg timestamp="20241102 19:43:10.760" level="INFO">Temporally setting log level to: NONE</msg>
<msg timestamp="20241102 19:43:10.914" level="INFO">Log level changed from NONE to INFO.</msg>
<status status="PASS" starttime="20241102 19:43:10.696" endtime="20241102 19:43:10.914"/>
</kw>
<kw name="Wait Until Element Is Visible" library="SeleniumLibrary">
<arg>${Lsavebutton}</arg>
<doc>Waits until the element ``locator`` is visible.</doc>
<status status="PASS" starttime="20241102 19:43:10.914" endtime="20241102 19:43:10.945"/>
</kw>
<kw name="Click Element" library="SeleniumLibrary">
<arg>${Lsavebutton}</arg>
<doc>Click the element identified by ``locator``.</doc>
<msg timestamp="20241102 19:43:10.945" level="INFO">Clicking element 'xpath://button[@type='submit']'.</msg>
<status status="PASS" starttime="20241102 19:43:10.945" endtime="20241102 19:43:11.017"/>
</kw>
<kw name="Sleep" library="BuiltIn">
<arg>5s</arg>
<doc>Pauses the test executed for the given time.</doc>
<msg timestamp="20241102 19:43:16.018" level="INFO">Slept 5 seconds</msg>
<status status="PASS" starttime="20241102 19:43:11.017" endtime="20241102 19:43:16.018"/>
</kw>
<status status="PASS" starttime="20241102 19:43:05.799" endtime="20241102 19:43:16.018"/>
</iter>
<iter>
<var name="${counter}">1</var>
<kw name="Log" library="BuiltIn">
<arg>${counter}</arg>
<doc>Logs the given message with the given level.</doc>
<msg timestamp="20241102 19:43:16.018" level="INFO">1</msg>
<status status="PASS" starttime="20241102 19:43:16.018" endtime="20241102 19:43:16.018"/>
</kw>
<kw name="Wait Until Element Is Visible" library="SeleniumLibrary">
<arg>${AdminIcone}</arg>
<doc>Waits until the element ``locator`` is visible.</doc>
<status status="PASS" starttime="20241102 19:43:16.018" endtime="20241102 19:43:16.045"/>
</kw>
<kw name="Click Element" library="SeleniumLibrary">
<arg>${AdminIcone}</arg>
<doc>Click the element identified by ``locator``.</doc>
<msg timestamp="20241102 19:43:16.045" level="INFO">Clicking element 'xpath://*[@href='/web/index.php/admin/viewAdminModule']'.</msg>
<status status="PASS" starttime="20241102 19:43:16.045" endtime="20241102 19:43:16.682"/>
</kw>
<kw name="Wait Until Element Is Visible" library="SeleniumLibrary">
<arg>${AdminAddButton}</arg>
<doc>Waits until the element ``locator`` is visible.</doc>
<status status="PASS" starttime="20241102 19:43:16.682" endtime="20241102 19:43:17.129"/>
</kw>
<kw name="Click Element" library="SeleniumLibrary">
<arg>${AdminAddButton}</arg>
<doc>Click the element identified by ``locator``.</doc>
<msg timestamp="20241102 19:43:17.132" level="INFO">Clicking element 'xpath://button[@class='oxd-button oxd-button--medium oxd-button--secondary']'.</msg>
<status status="PASS" starttime="20241102 19:43:17.130" endtime="20241102 19:43:17.589"/>
</kw>
<kw name="Wait Until Element Is Visible" library="SeleniumLibrary">
<arg>${UserRole}</arg>
<doc>Waits until the element ``locator`` is visible.</doc>
<status status="PASS" starttime="20241102 19:43:17.590" endtime="20241102 19:43:18.022"/>
</kw>
<kw name="Click Element" library="SeleniumLibrary">
<arg>${UserRole}</arg>
<doc>Click the element identified by ``locator``.</doc>
<msg timestamp="20241102 19:43:18.024" level="INFO">Clicking element 'xpath://div[@class='oxd-select-text-input']'.</msg>
<status status="PASS" starttime="20241102 19:43:18.022" endtime="20241102 19:43:18.142"/>
</kw>
<kw name="Wait Until Element Is Visible" library="SeleniumLibrary">
<arg>${SelectAdmin}</arg>
<doc>Waits until the element ``locator`` is visible.</doc>
<status status="PASS" starttime="20241102 19:43:18.142" endtime="20241102 19:43:18.186"/>
</kw>
<kw name="Click Element" library="SeleniumLibrary">
<arg>${SelectAdmin}</arg>
<doc>Click the element identified by ``locator``.</doc>
<msg timestamp="20241102 19:43:18.188" level="INFO">Clicking element 'xpath://*[contains(text(),'Admin')]'.</msg>
<status status="PASS" starttime="20241102 19:43:18.187" endtime="20241102 19:43:18.332"/>
</kw>
<kw name="Wait Until Element Is Visible" library="SeleniumLibrary">
<arg>${Status}</arg>
<doc>Waits until the element ``locator`` is visible.</doc>
<status status="PASS" starttime="20241102 19:43:18.332" endtime="20241102 19:43:18.371"/>
</kw>
<kw name="Click Element" library="SeleniumLibrary">
<arg>${Status}</arg>
<doc>Click the element identified by ``locator``.</doc>
<msg timestamp="20241102 19:43:18.373" level="INFO">Clicking element 'xpath://label[text()='Status']/following::div[@data-v-67d2aedf]'.</msg>
<status status="PASS" starttime="20241102 19:43:18.371" endtime="20241102 19:43:18.448"/>
</kw>
<kw name="Wait Until Element Is Visible" library="SeleniumLibrary">
<arg>${SelectEnable}</arg>
<doc>Waits until the element ``locator`` is visible.</doc>
<status status="PASS" starttime="20241102 19:43:18.448" endtime="20241102 19:43:18.483"/>
</kw>
<kw name="Click Element" library="SeleniumLibrary">
<arg>${SelectEnable}</arg>
<doc>Click the element identified by ``locator``.</doc>
<msg timestamp="20241102 19:43:18.483" level="INFO">Clicking element 'xpath://*[contains(text(),'Enabled')]'.</msg>
<status status="PASS" starttime="20241102 19:43:18.483" endtime="20241102 19:43:18.553"/>
</kw>
<kw name="Wait Until Element Is Visible" library="SeleniumLibrary">
<arg>${LEmployeeName}</arg>
<doc>Waits until the element ``locator`` is visible.</doc>
<status status="PASS" starttime="20241102 19:43:18.553" endtime="20241102 19:43:18.586"/>
</kw>
<kw name="Input Text" library="SeleniumLibrary">
<arg>${LEmployeeName}</arg>
<arg>${JEmployeeName}</arg>
<doc>Types the given ``text`` into the text field identified by ``locator``.</doc>
<msg timestamp="20241102 19:43:18.587" level="INFO">Typing text 'Ibrahim' into text field 'xpath://input[@placeholder='Type for hints...']'.</msg>
<status status="PASS" starttime="20241102 19:43:18.586" endtime="20241102 19:43:18.788"/>
</kw>
<kw name="Wait Until Element Is Visible" library="SeleniumLibrary">
<arg>${Lusername}</arg>
<doc>Waits until the element ``locator`` is visible.</doc>
<status status="PASS" starttime="20241102 19:43:18.789" endtime="20241102 19:43:18.819"/>
</kw>
<kw name="Input Text" library="SeleniumLibrary">
<arg>${Lusername}</arg>
<arg>${Users[${counter}][3]}</arg>
<doc>Types the given ``text`` into the text field identified by ``locator``.</doc>
<msg timestamp="20241102 19:43:18.823" level="INFO">Typing text 'Mayonaise12' into text field 'xpath://label[text()='Username']/following::input[@class='oxd-input oxd-input--active']'.</msg>
<status status="PASS" starttime="20241102 19:43:18.819" endtime="20241102 19:43:19.064"/>
</kw>
<kw name="Wait Until Element Is Visible" library="SeleniumLibrary">
<arg>${Lpassword}</arg>
<doc>Waits until the element ``locator`` is visible.</doc>
<status status="PASS" starttime="20241102 19:43:19.064" endtime="20241102 19:43:19.100"/>
</kw>
<kw name="Input Password" library="SeleniumLibrary">
<arg>${Lpassword}</arg>
<arg>${Users[${counter}][4]}</arg>
<doc>Types the given password into the text field identified by ``locator``.</doc>
<msg timestamp="20241102 19:43:19.103" level="INFO">Typing password into text field 'xpath://label[text()='Password']/following::input[@type='password']'.</msg>
<msg timestamp="20241102 19:43:19.161" level="INFO">Temporally setting log level to: NONE</msg>
<msg timestamp="20241102 19:43:19.320" level="INFO">Log level changed from NONE to INFO.</msg>
<status status="PASS" starttime="20241102 19:43:19.100" endtime="20241102 19:43:19.320"/>
</kw>
<kw name="Wait Until Element Is Visible" library="SeleniumLibrary">
<arg>${Lconfirmpassword}</arg>
<doc>Waits until the element ``locator`` is visible.</doc>
<status status="PASS" starttime="20241102 19:43:19.320" endtime="20241102 19:43:19.355"/>
</kw>
<kw name="Input Password" library="SeleniumLibrary">
<arg>${Lconfirmpassword}</arg>
<arg>${Users[${counter}][4]}</arg>
<doc>Types the given password into the text field identified by ``locator``.</doc>
<msg timestamp="20241102 19:43:19.355" level="INFO">Typing password into text field 'xpath://label[text()='Confirm Password']/following::input[@type='password']'.</msg>
<msg timestamp="20241102 19:43:19.424" level="INFO">Temporally setting log level to: NONE</msg>
<msg timestamp="20241102 19:43:19.566" level="INFO">Log level changed from NONE to INFO.</msg>
<status status="PASS" starttime="20241102 19:43:19.355" endtime="20241102 19:43:19.566"/>
</kw>
[...]
<var>${em}</var>
<arg>${row}[2]</arg>
<doc>Returns the given values which can then be assigned to a variables.</doc>
<msg timestamp="20241102 19:45:20.630" level="INFO">${em} = A8DCo 4Ys 010Z</msg>
<status status="PASS" starttime="20241102 19:45:20.630" endtime="20241102 19:45:20.630"/>
</kw>
<kw name="Set Variable" library="BuiltIn">
<var>${nuser}</var>
<arg>${row}[3]</arg>
<doc>Returns the given values which can then be assigned to a variables.</doc>
<msg timestamp="20241102 19:45:20.630" level="INFO">${nuser} = abdoutestt012</msg>
<status status="PASS" starttime="20241102 19:45:20.630" endtime="20241102 19:45:20.630"/>
</kw>
<kw name="Set Variable" library="BuiltIn">
<var>${npass}</var>
<arg>${row}[4]</arg>
<doc>Returns the given values which can then be assigned to a variables.</doc>
<msg timestamp="20241102 19:45:20.630" level="INFO">${npass} = abdel1238</msg>
<status status="PASS" starttime="20241102 19:45:20.630" endtime="20241102 19:45:20.630"/>
</kw>
<kw name="Wait Until Element Is Visible" library="SeleniumLibrary">
<arg>${AdminIcone}</arg>
<doc>Waits until the element ``locator`` is visible.</doc>
<status status="PASS" starttime="20241102 19:45:20.630" endtime="20241102 19:45:20.663"/>
</kw>
<kw name="Click Element" library="SeleniumLibrary">
<arg>${AdminIcone}</arg>
<doc>Click the element identified by ``locator``.</doc>
<msg timestamp="20241102 19:45:20.663" level="INFO">Clicking element 'xpath://*[@href='/web/index.php/admin/viewAdminModule']'.</msg>
<status status="PASS" starttime="20241102 19:45:20.663" endtime="20241102 19:45:21.344"/>
</kw>
<kw name="Wait Until Element Is Visible" library="SeleniumLibrary">
<arg>${AdminAddButton}</arg>
<doc>Waits until the element ``locator`` is visible.</doc>
<status status="PASS" starttime="20241102 19:45:21.344" endtime="20241102 19:45:22.102"/>
</kw>
<kw name="Click Element" library="SeleniumLibrary">
<arg>${AdminAddButton}</arg>
<doc>Click the element identified by ``locator``.</doc>
<msg timestamp="20241102 19:45:22.104" level="INFO">Clicking element 'xpath://button[@class='oxd-button oxd-button--medium oxd-button--secondary']'.</msg>
<status status="PASS" starttime="20241102 19:45:22.103" endtime="20241102 19:45:22.856"/>
</kw>
<kw name="Wait Until Element Is Visible" library="SeleniumLibrary">
<arg>${UserRole}</arg>
<doc>Waits until the element ``locator`` is visible.</doc>
<status status="PASS" starttime="20241102 19:45:22.856" endtime="20241102 19:45:23.357"/>
</kw>
<kw name="Click Element" library="SeleniumLibrary">
<arg>${UserRole}</arg>
<doc>Click the element identified by ``locator``.</doc>
<msg timestamp="20241102 19:45:23.360" level="INFO">Clicking element 'xpath://div[@class='oxd-select-text-input']'.</msg>
<status status="PASS" starttime="20241102 19:45:23.360" endtime="20241102 19:45:23.464"/>
</kw>
<kw name="Run Keyword If" library="BuiltIn">
<arg>'${ro}' == 'Admin'</arg>
<arg>Click Element</arg>
<arg>${SelectAdmin}</arg>
<arg>ELSE</arg>
<arg>Click Element</arg>
<arg>${SelectESS}</arg>
<doc>Runs the given keyword with the given arguments, if ``condition`` is true.</doc>
<kw name="Click Element" library="SeleniumLibrary">
<arg>${SelectAdmin}</arg>
<doc>Click the element identified by ``locator``.</doc>
<msg timestamp="20241102 19:45:23.467" level="INFO">Clicking element 'xpath://*[contains(text(),'Admin')]'.</msg>
<status status="PASS" starttime="20241102 19:45:23.465" endtime="20241102 19:45:23.647"/>
</kw>
<status status="PASS" starttime="20241102 19:45:23.464" endtime="20241102 19:45:23.647"/>
</kw>
<kw name="Wait Until Element Is Visible" library="SeleniumLibrary">
<arg>${Status}</arg>
<doc>Waits until the element ``locator`` is visible.</doc>
<status status="PASS" starttime="20241102 19:45:23.647" endtime="20241102 19:45:23.757"/>
</kw>
<kw name="Click Element" library="SeleniumLibrary">
<arg>${Status}</arg>
<doc>Click the element identified by ``locator``.</doc>
<msg timestamp="20241102 19:45:23.760" level="INFO">Clicking element 'xpath://label[text()='Status']/following::div[@data-v-67d2aedf]'.</msg>
<status status="PASS" starttime="20241102 19:45:23.759" endtime="20241102 19:45:24.396"/>
</kw>
<kw name="Run Keyword If" library="BuiltIn">
<arg>'${sta}' == 'Enabled'</arg>
<arg>Click Element</arg>
<arg>${SelectEnable}</arg>
<arg>ELSE</arg>
<arg>Click Element</arg>
<arg>${SelectDisabled}</arg>
<doc>Runs the given keyword with the given arguments, if ``condition`` is true.</doc>
<kw name="Click Element" library="SeleniumLibrary">
<arg>${SelectEnable}</arg>
<doc>Click the element identified by ``locator``.</doc>
<msg timestamp="20241102 19:45:24.400" level="INFO">Clicking element 'xpath://*[contains(text(),'Enabled')]'.</msg>
<status status="PASS" starttime="20241102 19:45:24.396" endtime="20241102 19:45:24.562"/>
</kw>
<status status="PASS" starttime="20241102 19:45:24.396" endtime="20241102 19:45:24.562"/>
</kw>
<kw name="Wait Until Element Is Visible" library="SeleniumLibrary">
<arg>${LEmployeeName}</arg>
<doc>Waits until the element ``locator`` is visible.</doc>
<status status="PASS" starttime="20241102 19:45:24.564" endtime="20241102 19:45:24.622"/>
</kw>
<kw name="Input Text" library="SeleniumLibrary">
<arg>${LEmployeeName}</arg>
<arg>${em}</arg>
<doc>Types the given ``text`` into the text field identified by ``locator``.</doc>
<msg timestamp="20241102 19:45:24.624" level="INFO">Typing text 'A8DCo 4Ys 010Z' into text field 'xpath://input[@placeholder='Type for hints...']'.</msg>
<status status="PASS" starttime="20241102 19:45:24.622" endtime="20241102 19:45:25.035"/>
</kw>
<kw name="Wait Until Element Is Visible" library="SeleniumLibrary">
<arg>${Lusername}</arg>
<doc>Waits until the element ``locator`` is visible.</doc>
<status status="PASS" starttime="20241102 19:45:25.035" endtime="20241102 19:45:25.187"/>
</kw>
<kw name="Input Text" library="SeleniumLibrary">
<arg>${Lusername}</arg>
<arg>${nuser}</arg>
<doc>Types the given ``text`` into the text field identified by ``locator``.</doc>
<msg timestamp="20241102 19:45:25.188" level="INFO">Typing text 'abdoutestt012' into text field 'xpath://label[text()='Username']/following::input[@class='oxd-input oxd-input--active']'.</msg>
<status status="PASS" starttime="20241102 19:45:25.187" endtime="20241102 19:45:25.636"/>
</kw>
<kw name="Wait Until Element Is Visible" library="SeleniumLibrary">
<arg>${Lpassword}</arg>
<doc>Waits until the element ``locator`` is visible.</doc>
<status status="PASS" starttime="20241102 19:45:25.636" endtime="20241102 19:45:25.696"/>
</kw>
<kw name="Input Password" library="SeleniumLibrary">
<arg>${Lpassword}</arg>
<arg>${npass}</arg>
<doc>Types the given password into the text field identified by ``locator``.</doc>
<msg timestamp="20241102 19:45:25.698" level="INFO">Typing password into text field 'xpath://label[text()='Password']/following::input[@type='password']'.</msg>
<msg timestamp="20241102 19:45:25.797" level="INFO">Temporally setting log level to: NONE</msg>
<msg timestamp="20241102 19:45:26.009" level="INFO">Log level changed from NONE to INFO.</msg>
<status status="PASS" starttime="20241102 19:45:25.696" endtime="20241102 19:45:26.010"/>
</kw>
<kw name="Wait Until Element Is Visible" library="SeleniumLibrary">
<arg>${Lconfirmpassword}</arg>
<doc>Waits until the element ``locator`` is visible.</doc>
<status status="PASS" starttime="20241102 19:45:26.010" endtime="20241102 19:45:26.091"/>
</kw>
<kw name="Input Password" library="SeleniumLibrary">
<arg>${Lconfirmpassword}</arg>
<arg>${npass}</arg>
<doc>Types the given password into the text field identified by ``locator``.</doc>
<msg timestamp="20241102 19:45:26.092" level="INFO">Typing password into text field 'xpath://label[text()='Confirm Password']/following::input[@type='password']'.</msg>
<msg timestamp="20241102 19:45:26.359" level="INFO">Temporally setting log level to: NONE</msg>
<msg timestamp="20241102 19:45:27.104" level="INFO">Log level changed from NONE to INFO.</msg>
<status status="PASS" starttime="20241102 19:45:26.091" endtime="20241102 19:45:27.104"/>
</kw>
<kw name="Wait Until Element Is Visible" library="SeleniumLibrary">
<arg>${Lsavebutton}</arg>
<doc>Waits until the element ``locator`` is visible.</doc>
<status status="PASS" starttime="20241102 19:45:27.104" endtime="20241102 19:45:27.200"/>
</kw>
<kw name="Click Element" library="SeleniumLibrary">
<arg>${Lsavebutton}</arg>
<doc>Click the element identified by ``locator``.</doc>
<msg timestamp="20241102 19:45:27.202" level="INFO">Clicking element 'xpath://button[@type='submit']'.</msg>
<status status="PASS" starttime="20241102 19:45:27.200" endtime="20241102 19:45:27.295"/>
</kw>
<status status="PASS" starttime="20241102 19:45:20.630" endtime="20241102 19:45:27.295"/>
</iter>
<iter>
<var name="${row}">['ESS', 'Enabled', 'A8DCo 4Ys 010Z', 'Mayonaise10', 'abdel12377']</var>
<kw name="Set Variable" library="BuiltIn">
<var>${ro}</var>
<arg>${row}[0]</arg>
<doc>Returns the given values which can then be assigned to a variables.</doc>
<msg timestamp="20241102 19:45:27.297" level="INFO">${ro} = ESS</msg>
<status status="PASS" starttime="20241102 19:45:27.296" endtime="20241102 19:45:27.297"/>
</kw>
<kw name="Set Variable" library="BuiltIn">
<var>${sta}</var>
<arg>${row}[1]</arg>
<doc>Returns the given values which can then be assigned to a variables.</doc>
<msg timestamp="20241102 19:45:27.298" level="INFO">${sta} = Enabled</msg>
<status status="PASS" starttime="20241102 19:45:27.297" endtime="20241102 19:45:27.298"/>
</kw>
<kw name="Set Variable" library="BuiltIn">
<var>${em}</var>
<arg>${row}[2]</arg>
<doc>Returns the given values which can then be assigned to a variables.</doc>
<msg timestamp="20241102 19:45:27.299" level="INFO">${em} = A8DCo 4Ys 010Z</msg>
<status status="PASS" starttime="20241102 19:45:27.298" endtime="20241102 19:45:27.299"/>
</kw>
<kw name="Set Variable" library="BuiltIn">
<var>${nuser}</var>
<arg>${row}[3]</arg>
<doc>Returns the given values which can then be assigned to a variables.</doc>
<msg timestamp="20241102 19:45:27.299" level="INFO">${nuser} = Mayonaise10</msg>
<status status="PASS" starttime="20241102 19:45:27.299" endtime="20241102 19:45:27.299"/>
</kw>
<kw name="Set Variable" library="BuiltIn">
<var>${npass}</var>
<arg>${row}[4]</arg>
<doc>Returns the given values which can then be assigned to a variables.</doc>
<msg timestamp="20241102 19:45:27.300" level="INFO">${npass} = abdel12377</msg>
<status status="PASS" starttime="20241102 19:45:27.299" endtime="20241102 19:45:27.300"/>
</kw>
<kw name="Wait Until Element Is Visible" library="SeleniumLibrary">
<arg>${AdminIcone}</arg>
<doc>Waits until the element ``locator`` is visible.</doc>
<status status="PASS" starttime="20241102 19:45:27.300" endtime="20241102 19:45:27.340"/>
</kw>
<kw name="Click Element" library="SeleniumLibrary">
<arg>${AdminIcone}</arg>
<doc>Click the element identified by ``locator``.</doc>
<msg timestamp="20241102 19:45:27.343" level="INFO">Clicking element 'xpath://*[@href='/web/index.php/admin/viewAdminModule']'.</msg>
<status status="PASS" starttime="20241102 19:45:27.340" endtime="20241102 19:45:28.599"/>
</kw>
<kw name="Wait Until Element Is Visible" library="SeleniumLibrary">
<arg>${AdminAddButton}</arg>
<doc>Waits until the element ``locator`` is visible.</doc>
<status status="PASS" starttime="20241102 19:45:28.599" endtime="20241102 19:45:29.176"/>
</kw>
<kw name="Click Element" library="SeleniumLibrary">
<arg>${AdminAddButton}</arg>
<doc>Click the element identified by ``locator``.</doc>
<msg timestamp="20241102 19:45:29.178" level="INFO">Clicking element 'xpath://button[@class='oxd-button oxd-button--medium oxd-button--secondary']'.</msg>
<status status="PASS" starttime="20241102 19:45:29.176" endtime="20241102 19:45:30.026"/>
</kw>
<kw name="Wait Until Element Is Visible" library="SeleniumLibrary">
<arg>${UserRole}</arg>
<doc>Waits until the element ``locator`` is visible.</doc>
<status status="PASS" starttime="20241102 19:45:30.027" endtime="20241102 19:45:30.787"/>
</kw>
<kw name="Click Element" library="SeleniumLibrary">
<arg>${UserRole}</arg>
<doc>Click the element identified by ``locator``.</doc>
<msg timestamp="20241102 19:45:30.792" level="INFO">Clicking element 'xpath://div[@class='oxd-select-text-input']'.</msg>
<status status="PASS" starttime="20241102 19:45:30.787" endtime="20241102 19:45:31.018"/>
</kw>
<kw name="Run Keyword If" library="BuiltIn">
<arg>'${ro}' == 'Admin'</arg>
<arg>Click Element</arg>
<arg>${SelectAdmin}</arg>
<arg>ELSE</arg>
<arg>Click Element</arg>
<arg>${SelectESS}</arg>
<doc>Runs the given keyword with the given arguments, if ``condition`` is true.</doc>
<kw name="Click Element" library="SeleniumLibrary">
<arg>${SelectESS}</arg>
<doc>Click the element identified by ``locator``.</doc>
<msg timestamp="20241102 19:45:31.021" level="INFO">Clicking element 'xpath://*[contains(text(),'ESS')]'.</msg>
<status status="PASS" starttime="20241102 19:45:31.019" endtime="20241102 19:45:31.204"/>
</kw>
<status status="PASS" starttime="20241102 19:45:31.018" endtime="20241102 19:45:31.204"/>
</kw>
<kw name="Wait Until Element Is Visible" library="SeleniumLibrary">
<arg>${Status}</arg>
<doc>Waits until the element ``locator`` is visible.</doc>
<status status="PASS" starttime="20241102 19:45:31.204" endtime="20241102 19:45:31.253"/>
</kw>
<kw name="Click Element" library="SeleniumLibrary">
<arg>${Status}</arg>
<doc>Click the element identified by ``locator``.</doc>
<msg timestamp="20241102 19:45:31.254" level="INFO">Clicking element 'xpath://label[text()='Status']/following::div[@data-v-67d2aedf]'.</msg>
<status status="PASS" starttime="20241102 19:45:31.254" endtime="20241102 19:45:31.362"/>
</kw>
<kw name="Run Keyword If" library="BuiltIn">
<arg>'${sta}' == 'Enabled'</arg>
<arg>Click Element</arg>
<arg>${SelectEnable}</arg>
<arg>ELSE</arg>
<arg>Click Element</arg>
<arg>${SelectDisabled}</arg>
<doc>Runs the given keyword with the given arguments, if ``condition`` is true.</doc>
<kw name="Click Element" library="SeleniumLibrary">
<arg>${SelectEnable}</arg>
<doc>Click the element identified by ``locator``.</doc>
<msg timestamp="20241102 19:45:31.368" level="INFO">Clicking element 'xpath://*[contains(text(),'Enabled')]'.</msg>
<status status="PASS" starttime="20241102 19:45:31.362" endtime="20241102 19:45:31.779"/>
</kw>
<status status="PASS" starttime="20241102 19:45:31.362" endtime="20241102 19:45:31.780"/>
</kw>
<kw name="Wait Until Element Is Visible" library="SeleniumLibrary">
<arg>${LEmployeeName}</arg>
<doc>Waits until the element ``locator`` is visible.</doc>
<status status="PASS" starttime="20241102 19:45:31.780" endtime="20241102 19:45:32.042"/>
</kw>
<kw name="Input Text" library="SeleniumLibrary">
<arg>${LEmployeeName}</arg>
<arg>${em}</arg>
<doc>Types the given ``text`` into the text field identified by ``locator``.</doc>
<msg timestamp="20241102 19:45:32.043" level="INFO">Typing text 'A8DCo 4Ys 010Z' into text field 'xpath://input[@placeholder='Type for hints...']'.</msg>
<status status="PASS" starttime="20241102 19:45:32.042" endtime="20241102 19:45:33.198"/>
</kw>
<kw name="Wait Until Element Is Visible" library="SeleniumLibrary">
<arg>${Lusername}</arg>
<doc>Waits until the element ``locator`` is visible.</doc>
<status status="PASS" starttime="20241102 19:45:33.198" endtime="20241102 19:45:33.316"/>
</kw>
<kw name="Input Text" library="SeleniumLibrary">
<arg>${Lusername}</arg>
<arg>${nuser}</arg>
<doc>Types the given ``text`` into the text field identified by ``locator``.</doc>
<msg timestamp="20241102 19:45:33.317" level="INFO">Typing text 'Mayonaise10' into text field 'xpath://label[text()='Username']/following::input[@class='oxd-input oxd-input--active']'.</msg>
<status status="PASS" starttime="20241102 19:45:33.316" endtime="20241102 19:45:34.537"/>
</kw>
<kw name="Wait Until Element Is Visible" library="SeleniumLibrary">
<arg>${Lpassword}</arg>
<doc>Waits until the element ``locator`` is visible.</doc>
<status status="PASS" starttime="20241102 19:45:34.538" endtime="20241102 19:45:34.639"/>
</kw>
<kw name="Input Password" library="SeleniumLibrary">
<arg>${Lpassword}</arg>
<arg>${npass}</arg>
<doc>Types the given password into the text field identified by ``locator``.</doc>
<msg timestamp="20241102 19:45:34.640" level="INFO">Typing password into text field 'xpath://label[text()='Password']/following::input[@type='password']'.</msg>
<msg timestamp="20241102 19:45:34.789" level="INFO">Temporally setting log level to: NONE</msg>
<msg timestamp="20241102 19:45:35.067" level="INFO">Log level changed from NONE to INFO.</msg>
<status status="PASS" starttime="20241102 19:45:34.639" endtime="20241102 19:45:35.067"/>
</kw>
<kw name="Wait Until Element Is Visible" library="SeleniumLibrary">
<arg>${Lconfirmpassword}</arg>
<doc>Waits until the element ``locator`` is visible.</doc>
<status status="PASS" starttime="20241102 19:45:35.068" endtime="20241102 19:45:35.122"/>
</kw>
<kw name="Input Password" library="SeleniumLibrary">
<arg>${Lconfirmpassword}</arg>
<arg>${npass}</arg>
<doc>Types the given password into the text field identified by ``locator``.</doc>
<msg timestamp="20241102 19:45:35.124" level="INFO">Typing password into text field 'xpath://label[text()='Confirm Password']/following::input[@type='password']'.</msg>
<msg timestamp="20241102 19:45:35.343" level="INFO">Temporally setting log level to: NONE</msg>
<msg timestamp="20241102 19:45:35.610" level="INFO">Log level changed from NONE to INFO.</msg>
<status status="PASS" starttime="20241102 19:45:35.123" endtime="20241102 19:45:35.610"/>
</kw>
<kw name="Wait Until Element Is Visible" library="SeleniumLibrary">
<arg>${Lsavebutton}</arg>
<doc>Waits until the element ``locator`` is visible.</doc>
<status status="PASS" starttime="20241102 19:45:35.611" endtime="20241102 19:45:35.673"/>
</kw>
<kw name="Click Element" library="SeleniumLibrary">
<arg>${Lsavebutton}</arg>
<doc>Click the element identified by ``locator``.</doc>
<msg timestamp="20241102 19:45:35.675" level="INFO">Clicking element 'xpath://button[@type='submit']'.</msg>
<status status="PASS" starttime="20241102 19:45:35.673" endtime="20241102 19:45:35.781"/>
</kw>
<status status="PASS" starttime="20241102 19:45:27.296" endtime="20241102 19:45:35.781"/>
</iter>
<status status="PASS" starttime="20241102 19:44:46.998" endtime="20241102 19:45:35.781"/>
</for>
<status status="PASS" starttime="20241102 19:44:46.985" endtime="20241102 19:45:35.781"/>
</kw>
<kw name="Close Browser" library="SeleniumLibrary">
<doc>Closes the current browser.</doc>
<status status="PASS" starttime="20241102 19:45:35.781" endtime="20241102 19:45:39.076"/>
</kw>
<doc>add table users robot</doc>
<tag>critical_13</tag>
<status status="PASS" starttime="20241102 19:44:38.423" endtime="20241102 19:45:39.078"/>
</test>
<status status="PASS" starttime="20241102 19:40:33.191" endtime="20241102 19:45:39.080"/>
</suite>
<statistics>
<total>
<stat pass="12" fail="0" skip="0">All Tests</stat>
</total>
<tag>
<stat pass="1" fail="0" skip="0">critical_1</stat>
<stat pass="1" fail="0" skip="0">critical_10</stat>
<stat pass="1" fail="0" skip="0">critical_11</stat>
<stat pass="1" fail="0" skip="0">critical_12</stat>
<stat pass="1" fail="0" skip="0">critical_13</stat>
<stat pass="1" fail="0" skip="0">critical_2</stat>
<stat pass="1" fail="0" skip="0">critical_3</stat>
<stat pass="1" fail="0" skip="0">critical_4</stat>
<stat pass="1" fail="0" skip="0">critical_5</stat>
<stat pass="1" fail="0" skip="0">critical_7</stat>
<stat pass="1" fail="0" skip="0">critical_9</stat>
<stat pass="1" fail="0" skip="0">crtical_6</stat>
</tag>
<suite>
<stat pass="12" fail="0" skip="0" id="s1" name="ObjectPage">ObjectPage</stat>
</suite>
</statistics>
<errors>
<msg timestamp="20241102 19:40:36.122" level="ERROR">Error in file 'C:\Users\motal\OneDrive\Desktop\automatisation\Robotframework\RFTest\Test\ObjectPage.robot' on line 8: Resource file '..\Ressources\Keyword\DeleteUser.robot' does not exist.</msg>
</errors>
</robot>
